<?xml version="1.0" encoding="UTF-8"?>
<coverage generated="1785930289845" clover="3.2.0">
  <project timestamp="1785930289845" name="All files">
    <metrics statements="595" coveredstatements="564" conditionals="270" coveredconditionals="249" methods="159" coveredmethods="152" elements="1024" coveredelements="965" complexity="0" loc="595" ncloc="595" packages="7" files="30" classes="30"/>
    <package name="src">
      <metrics statements="11" coveredstatements="10" conditionals="0" coveredconditionals="0" methods="6" coveredmethods="6"/>
      <file name="audio.ts" path="/home/luca/sw-rn-client/signalwire-react-native/packages/react-native/src/audio.ts">
        <metrics statements="0" coveredstatements="0" conditionals="0" coveredconditionals="0" methods="0" coveredmethods="0"/>
      </file>
      <file name="callkit.ts" path="/home/luca/sw-rn-client/signalwire-react-native/packages/react-native/src/callkit.ts">
        <metrics statements="0" coveredstatements="0" conditionals="0" coveredconditionals="0" methods="0" coveredmethods="0"/>
      </file>
      <file name="errors.ts" path="/home/luca/sw-rn-client/signalwire-react-native/packages/react-native/src/errors.ts">
        <metrics statements="4" coveredstatements="4" conditionals="0" coveredconditionals="0" methods="2" coveredmethods="2"/>
        <line num="7" count="4" type="stmt"/>
        <line num="13" count="4" type="stmt"/>
        <line num="20" count="4" type="stmt"/>
        <line num="25" count="4" type="stmt"/>
      </file>
      <file name="index.ts" path="/home/luca/sw-rn-client/signalwire-react-native/packages/react-native/src/index.ts">
        <metrics statements="0" coveredstatements="0" conditionals="0" coveredconditionals="0" methods="0" coveredmethods="0"/>
      </file>
      <file name="logger.ts" path="/home/luca/sw-rn-client/signalwire-react-native/packages/react-native/src/logger.ts">
        <metrics statements="6" coveredstatements="6" conditionals="0" coveredconditionals="0" methods="4" coveredmethods="4"/>
        <line num="3" count="20" type="stmt"/>
        <line num="6" count="20" type="stmt"/>
        <line num="7" count="87" type="stmt"/>
        <line num="8" count="1" type="stmt"/>
        <line num="9" count="15" type="stmt"/>
        <line num="10" count="1" type="stmt"/>
      </file>
      <file name="polyfills.ts" path="/home/luca/sw-rn-client/signalwire-react-native/packages/react-native/src/polyfills.ts">
        <metrics statements="1" coveredstatements="0" conditionals="0" coveredconditionals="0" methods="0" coveredmethods="0"/>
        <line num="25" count="0" type="stmt"/>
      </file>
    </package>
    <package name="src.audio">
      <metrics statements="38" coveredstatements="36" conditionals="11" coveredconditionals="11" methods="13" coveredmethods="13"/>
      <file name="AudioRouteController.ts" path="/home/luca/sw-rn-client/signalwire-react-native/packages/react-native/src/audio/AudioRouteController.ts">
        <metrics statements="34" coveredstatements="32" conditionals="11" coveredconditionals="11" methods="10" coveredmethods="10"/>
        <line num="19" count="19" type="stmt"/>
        <line num="20" count="19" type="stmt"/>
        <line num="23" count="19" type="stmt"/>
        <line num="32" count="9" type="stmt"/>
        <line num="36" count="15" type="stmt"/>
        <line num="41" count="13" type="stmt"/>
        <line num="42" count="13" type="stmt"/>
        <line num="43" count="13" type="stmt"/>
        <line num="45" count="0" type="stmt"/>
        <line num="47" count="13" type="cond" truecount="2" falsecount="0"/>
        <line num="52" count="23" type="stmt"/>
        <line num="53" count="23" type="cond" truecount="2" falsecount="0"/>
        <line num="54" count="11" type="stmt"/>
        <line num="57" count="0" type="stmt"/>
        <line num="59" count="23" type="stmt"/>
        <line num="60" count="23" type="stmt"/>
        <line num="61" count="23" type="stmt"/>
        <line num="71" count="23" type="cond" truecount="4" falsecount="0"/>
        <line num="72" count="1" type="stmt"/>
        <line num="74" count="22" type="stmt"/>
        <line num="75" count="22" type="stmt"/>
        <line num="79" count="45" type="stmt"/>
        <line num="80" count="45" type="cond" truecount="2" falsecount="0"/>
        <line num="81" count="2" type="stmt"/>
        <line num="82" count="2" type="stmt"/>
        <line num="84" count="43" type="stmt"/>
        <line num="86" count="1" type="stmt"/>
        <line num="91" count="18" type="stmt"/>
        <line num="92" count="18" type="stmt"/>
        <line num="96" count="5" type="stmt"/>
        <line num="100" count="14" type="stmt"/>
        <line num="101" count="14" type="stmt"/>
        <line num="106" count="14" type="stmt"/>
        <line num="107" count="14" type="stmt"/>
      </file>
      <file name="useAudioRoute.ts" path="/home/luca/sw-rn-client/signalwire-react-native/packages/react-native/src/audio/useAudioRoute.ts">
        <metrics statements="4" coveredstatements="4" conditionals="0" coveredconditionals="0" methods="3" coveredmethods="3"/>
        <line num="15" count="8" type="stmt"/>
        <line num="16" count="7" type="stmt"/>
        <line num="18" count="7" type="stmt"/>
        <line num="20" count="7" type="stmt"/>
      </file>
    </package>
    <package name="src.callkit">
      <metrics statements="225" coveredstatements="215" conditionals="103" coveredconditionals="96" methods="60" coveredmethods="59"/>
      <file name="CallKeepBridge.ts" path="/home/luca/sw-rn-client/signalwire-react-native/packages/react-native/src/callkit/CallKeepBridge.ts">
        <metrics statements="115" coveredstatements="110" conditionals="35" coveredconditionals="31" methods="36" coveredmethods="36"/>
        <line num="13" count="3" type="stmt"/>
        <line num="14" count="3" type="stmt"/>
        <line num="15" count="3" type="stmt"/>
        <line num="18" count="3" type="stmt"/>
        <line num="32" count="3" type="stmt"/>
        <line num="50" count="31" type="stmt"/>
        <line num="51" count="31" type="stmt"/>
        <line num="52" count="31" type="stmt"/>
        <line num="53" count="31" type="stmt"/>
        <line num="54" count="31" type="stmt"/>
        <line num="57" count="31" type="stmt"/>
        <line num="59" count="21" type="stmt"/>
        <line num="61" count="2" type="stmt"/>
        <line num="62" count="1" type="stmt"/>
        <line num="64" count="5" type="stmt"/>
        <line num="65" count="23" type="stmt"/>
        <line num="66" count="32" type="stmt"/>
        <line num="69" count="31" type="stmt"/>
        <line num="74" count="30" type="cond" truecount="2" falsecount="0"/>
        <line num="75" count="1" type="stmt"/>
        <line num="78" count="29" type="stmt"/>
        <line num="85" count="29" type="cond" truecount="2" falsecount="0"/>
        <line num="87" count="29" type="stmt"/>
        <line num="112" count="29" type="stmt"/>
        <line num="113" count="29" type="stmt"/>
        <line num="114" count="29" type="stmt"/>
        <line num="115" count="29" type="stmt"/>
        <line num="123" count="21" type="stmt"/>
        <line num="124" count="21" type="stmt"/>
        <line num="125" count="21" type="stmt"/>
        <line num="130" count="16" type="stmt"/>
        <line num="131" count="16" type="stmt"/>
        <line num="132" count="16" type="cond" truecount="1" falsecount="1"/>
        <line num="133" count="16" type="stmt"/>
        <line num="134" count="16" type="stmt"/>
        <line num="142" count="2" type="stmt"/>
        <line num="143" count="2" type="stmt"/>
        <line num="144" count="2" type="stmt"/>
        <line num="148" count="32" type="stmt"/>
        <line num="149" count="32" type="stmt"/>
        <line num="150" count="32" type="stmt"/>
        <line num="151" count="32" type="stmt"/>
        <line num="152" count="192" type="stmt"/>
        <line num="154" count="32" type="stmt"/>
        <line num="155" count="32" type="stmt"/>
        <line num="161" count="29" type="stmt"/>
        <line num="162" count="8" type="stmt"/>
        <line num="165" count="8" type="stmt"/>
        <line num="166" count="8" type="stmt"/>
        <line num="169" count="29" type="stmt"/>
        <line num="170" count="3" type="stmt"/>
        <line num="171" count="3" type="stmt"/>
        <line num="172" count="3" type="cond" truecount="2" falsecount="0"/>
        <line num="173" count="1" type="stmt"/>
        <line num="174" count="1" type="stmt"/>
        <line num="176" count="2" type="stmt"/>
        <line num="177" count="2" type="stmt"/>
        <line num="180" count="29" type="stmt"/>
        <line num="183" count="1" type="stmt"/>
        <line num="187" count="29" type="stmt"/>
        <line num="188" count="1" type="stmt"/>
        <line num="191" count="29" type="stmt"/>
        <line num="194" count="2" type="stmt"/>
        <line num="195" count="2" type="cond" truecount="1" falsecount="1"/>
        <line num="196" count="0" type="stmt"/>
        <line num="198" count="2" type="cond" truecount="2" falsecount="0"/>
        <line num="203" count="29" type="stmt"/>
        <line num="204" count="2" type="stmt"/>
        <line num="205" count="2" type="stmt"/>
        <line num="206" count="2" type="stmt"/>
        <line num="218" count="8" type="cond" truecount="2" falsecount="0"/>
        <line num="219" count="5" type="stmt"/>
        <line num="220" count="5" type="stmt"/>
        <line num="222" count="5" type="stmt"/>
        <line num="224" count="5" type="stmt"/>
        <line num="227" count="6" type="stmt"/>
        <line num="231" count="6" type="stmt"/>
        <line num="232" count="6" type="cond" truecount="2" falsecount="0"/>
        <line num="234" count="0" type="stmt"/>
        <line num="239" count="3" type="stmt"/>
        <line num="240" count="3" type="stmt"/>
        <line num="242" count="0" type="stmt"/>
        <line num="247" count="18" type="stmt"/>
        <line num="248" count="20" type="stmt"/>
        <line num="249" count="20" type="cond" truecount="1" falsecount="1"/>
        <line num="250" count="0" type="stmt"/>
        <line num="252" count="20" type="cond" truecount="2" falsecount="0"/>
        <line num="253" count="1" type="stmt"/>
        <line num="254" count="1" type="stmt"/>
        <line num="256" count="19" type="cond" truecount="2" falsecount="0"/>
        <line num="257" count="1" type="stmt"/>
        <line num="258" count="1" type="stmt"/>
        <line num="264" count="21" type="cond" truecount="1" falsecount="1"/>
        <line num="265" count="0" type="stmt"/>
        <line num="267" count="21" type="stmt"/>
        <line num="268" count="11" type="stmt"/>
        <line num="269" count="11" type="stmt"/>
        <line num="270" count="11" type="cond" truecount="2" falsecount="0"/>
        <line num="271" count="4" type="stmt"/>
        <line num="277" count="36" type="cond" truecount="2" falsecount="0"/>
        <line num="278" count="21" type="stmt"/>
        <line num="279" count="21" type="stmt"/>
        <line num="284" count="5" type="stmt"/>
        <line num="285" count="5" type="cond" truecount="2" falsecount="0"/>
        <line num="291" count="23" type="stmt"/>
        <line num="292" count="23" type="stmt"/>
        <line num="293" count="23" type="stmt"/>
        <line num="294" count="23" type="stmt"/>
        <line num="295" count="368" type="stmt"/>
        <line num="296" count="23" type="stmt"/>
        <line num="299" count="3" type="stmt"/>
        <line num="303" count="4" type="stmt"/>
        <line num="304" count="4" type="stmt"/>
        <line num="309" count="2" type="stmt"/>
        <line num="310" count="2" type="stmt"/>
      </file>
      <file name="CallRegistry.ts" path="/home/luca/sw-rn-client/signalwire-react-native/packages/react-native/src/callkit/CallRegistry.ts">
        <metrics statements="108" coveredstatements="103" conditionals="68" coveredconditionals="65" methods="23" coveredmethods="22"/>
        <line num="15" count="4" type="stmt"/>
        <line num="16" count="4" type="stmt"/>
        <line num="17" count="4" type="stmt"/>
        <line num="30" count="57" type="stmt"/>
        <line num="31" count="57" type="stmt"/>
        <line num="34" count="57" type="stmt"/>
        <line num="35" count="57" type="cond" truecount="2" falsecount="0"/>
        <line num="39" count="2" type="stmt"/>
        <line num="43" count="16" type="stmt"/>
        <line num="47" count="19" type="stmt"/>
        <line num="51" count="74" type="stmt"/>
        <line num="52" count="65" type="cond" truecount="2" falsecount="0"/>
        <line num="53" count="22" type="stmt"/>
        <line num="56" count="52" type="stmt"/>
        <line num="66" count="39" type="cond" truecount="2" falsecount="0"/>
        <line num="67" count="36" type="stmt"/>
        <line num="68" count="36" type="cond" truecount="2" falsecount="0"/>
        <line num="69" count="1" type="stmt"/>
        <line num="70" count="1" type="stmt"/>
        <line num="73" count="3" type="stmt"/>
        <line num="79" count="38" type="stmt"/>
        <line num="80" count="38" type="cond" truecount="2" falsecount="0"/>
        <line num="81" count="38" type="cond" truecount="2" falsecount="0"/>
        <line num="83" count="38" type="stmt"/>
        <line num="94" count="38" type="stmt"/>
        <line num="95" count="38" type="stmt"/>
        <line num="100" count="29" type="cond" truecount="2" falsecount="0"/>
        <line num="101" count="1" type="stmt"/>
        <line num="104" count="28" type="stmt"/>
        <line num="105" count="28" type="cond" truecount="2" falsecount="0"/>
        <line num="106" count="24" type="stmt"/>
        <line num="107" count="24" type="stmt"/>
        <line num="110" count="4" type="stmt"/>
        <line num="111" count="4" type="cond" truecount="2" falsecount="0"/>
        <line num="112" count="4" type="cond" truecount="2" falsecount="0"/>
        <line num="114" count="4" type="stmt"/>
        <line num="125" count="4" type="stmt"/>
        <line num="130" count="8" type="stmt"/>
        <line num="131" count="8" type="cond" truecount="1" falsecount="1"/>
        <line num="132" count="0" type="stmt"/>
        <line num="135" count="8" type="stmt"/>
        <line num="136" count="8" type="stmt"/>
        <line num="147" count="8" type="stmt"/>
        <line num="148" count="8" type="stmt"/>
        <line num="153" count="16" type="stmt"/>
        <line num="154" count="16" type="cond" truecount="4" falsecount="0"/>
        <line num="155" count="2" type="stmt"/>
        <line num="158" count="14" type="cond" truecount="4" falsecount="0"/>
        <line num="159" count="7" type="stmt"/>
        <line num="160" count="7" type="stmt"/>
        <line num="161" count="7" type="stmt"/>
        <line num="164" count="7" type="stmt"/>
        <line num="165" count="7" type="stmt"/>
        <line num="170" count="2" type="stmt"/>
        <line num="171" count="2" type="cond" truecount="3" falsecount="1"/>
        <line num="172" count="0" type="stmt"/>
        <line num="174" count="2" type="stmt"/>
        <line num="179" count="3" type="stmt"/>
        <line num="180" count="3" type="cond" truecount="3" falsecount="1"/>
        <line num="181" count="0" type="stmt"/>
        <line num="184" count="3" type="stmt"/>
        <line num="185" count="0" type="stmt"/>
        <line num="188" count="3" type="stmt"/>
        <line num="189" count="3" type="stmt"/>
        <line num="194" count="4" type="stmt"/>
        <line num="195" count="4" type="cond" truecount="4" falsecount="0"/>
        <line num="196" count="1" type="stmt"/>
        <line num="198" count="3" type="stmt"/>
        <line num="199" count="3" type="stmt"/>
        <line num="209" count="15" type="stmt"/>
        <line num="210" count="15" type="stmt"/>
        <line num="211" count="15" type="cond" truecount="4" falsecount="0"/>
        <line num="212" count="3" type="stmt"/>
        <line num="214" count="12" type="cond" truecount="2" falsecount="0"/>
        <line num="215" count="4" type="stmt"/>
        <line num="216" count="4" type="stmt"/>
        <line num="217" count="4" type="stmt"/>
        <line num="223" count="33" type="stmt"/>
        <line num="224" count="33" type="stmt"/>
        <line num="230" count="64" type="stmt"/>
        <line num="231" count="28" type="cond" truecount="4" falsecount="0"/>
        <line num="232" count="24" type="stmt"/>
        <line num="235" count="40" type="stmt"/>
        <line num="240" count="28" type="stmt"/>
        <line num="241" count="28" type="cond" truecount="2" falsecount="0"/>
        <line num="242" count="23" type="stmt"/>
        <line num="245" count="5" type="stmt"/>
        <line num="246" count="4" type="cond" truecount="2" falsecount="0"/>
        <line num="249" count="5" type="stmt"/>
        <line num="250" count="5" type="cond" truecount="4" falsecount="0"/>
        <line num="251" count="1" type="stmt"/>
        <line num="255" count="1" type="stmt"/>
        <line num="258" count="4" type="cond" truecount="2" falsecount="0"/>
        <line num="259" count="1" type="stmt"/>
        <line num="265" count="4" type="stmt"/>
        <line num="269" count="24" type="stmt"/>
        <line num="276" count="24" type="stmt"/>
        <line num="277" count="24" type="stmt"/>
        <line num="279" count="24" type="cond" truecount="2" falsecount="0"/>
        <line num="280" count="5" type="stmt"/>
        <line num="281" count="5" type="stmt"/>
        <line num="286" count="12" type="stmt"/>
        <line num="287" count="12" type="cond" truecount="2" falsecount="0"/>
        <line num="288" count="9" type="stmt"/>
        <line num="290" count="3" type="stmt"/>
        <line num="293" count="0" type="stmt"/>
        <line num="298" count="103" type="stmt"/>
        <line num="299" count="103" type="stmt"/>
      </file>
      <file name="lazy.ts" path="/home/luca/sw-rn-client/signalwire-react-native/packages/react-native/src/callkit/lazy.ts">
        <metrics statements="2" coveredstatements="2" conditionals="0" coveredconditionals="0" methods="1" coveredmethods="1"/>
        <line num="11" count="3" type="stmt"/>
        <line num="12" count="3" type="stmt"/>
      </file>
      <file name="types.ts" path="/home/luca/sw-rn-client/signalwire-react-native/packages/react-native/src/callkit/types.ts">
        <metrics statements="0" coveredstatements="0" conditionals="0" coveredconditionals="0" methods="0" coveredmethods="0"/>
      </file>
    </package>
    <package name="src.components">
      <metrics statements="6" coveredstatements="6" conditionals="9" coveredconditionals="9" methods="1" coveredmethods="1"/>
      <file name="SignalWireVideoView.tsx" path="/home/luca/sw-rn-client/signalwire-react-native/packages/react-native/src/components/SignalWireVideoView.tsx">
        <metrics statements="6" coveredstatements="6" conditionals="9" coveredconditionals="9" methods="1" coveredmethods="1"/>
        <line num="42" count="10" type="stmt"/>
        <line num="43" count="10" type="cond" truecount="2" falsecount="0"/>
        <line num="44" count="10" type="cond" truecount="2" falsecount="0"/>
        <line num="46" count="10" type="cond" truecount="2" falsecount="0"/>
        <line num="47" count="2" type="stmt"/>
        <line num="50" count="8" type="stmt"/>
      </file>
    </package>
    <package name="src.platform">
      <metrics statements="179" coveredstatements="168" conditionals="68" coveredconditionals="62" methods="43" coveredmethods="39"/>
      <file name="assertPolyfills.ts" path="/home/luca/sw-rn-client/signalwire-react-native/packages/react-native/src/platform/assertPolyfills.ts">
        <metrics statements="9" coveredstatements="9" conditionals="4" coveredconditionals="4" methods="3" coveredmethods="3"/>
        <line num="3" count="6" type="stmt"/>
        <line num="6" count="13" type="stmt"/>
        <line num="7" count="13" type="stmt"/>
        <line num="16" count="12" type="stmt"/>
        <line num="17" count="12" type="stmt"/>
        <line num="18" count="11" type="stmt"/>
        <line num="20" count="1" type="stmt"/>
        <line num="26" count="13" type="cond" truecount="4" falsecount="0"/>
        <line num="27" count="3" type="stmt"/>
      </file>
      <file name="baseGlobals.ts" path="/home/luca/sw-rn-client/signalwire-react-native/packages/react-native/src/platform/baseGlobals.ts">
        <metrics statements="20" coveredstatements="19" conditionals="6" coveredconditionals="6" methods="6" coveredmethods="5"/>
        <line num="34" count="90" type="stmt"/>
        <line num="36" count="90" type="stmt"/>
        <line num="37" count="7" type="cond" truecount="2" falsecount="0"/>
        <line num="38" count="7" type="stmt"/>
        <line num="39" count="7" type="stmt"/>
        <line num="42" count="90" type="stmt"/>
        <line num="43" count="0" type="stmt"/>
        <line num="46" count="90" type="stmt"/>
        <line num="47" count="16" type="cond" truecount="2" falsecount="0"/>
        <line num="48" count="1" type="stmt"/>
        <line num="50" count="16" type="stmt"/>
        <line num="59" count="45" type="stmt"/>
        <line num="65" count="45" type="cond" truecount="2" falsecount="0"/>
        <line num="71" count="1" type="stmt"/>
        <line num="72" count="1" type="stmt"/>
        <line num="75" count="2" type="stmt"/>
        <line num="78" count="45" type="stmt"/>
        <line num="79" count="45" type="stmt"/>
        <line num="81" count="45" type="stmt"/>
        <line num="82" count="45" type="stmt"/>
      </file>
      <file name="createReactNativePlatform.ts" path="/home/luca/sw-rn-client/signalwire-react-native/packages/react-native/src/platform/createReactNativePlatform.ts">
        <metrics statements="24" coveredstatements="23" conditionals="17" coveredconditionals="16" methods="3" coveredmethods="3"/>
        <line num="31" count="16" type="stmt"/>
        <line num="32" count="16" type="stmt"/>
        <line num="34" count="1" type="stmt"/>
        <line num="35" count="1" type="stmt"/>
        <line num="51" count="9" type="stmt"/>
        <line num="53" count="9" type="cond" truecount="2" falsecount="0"/>
        <line num="54" count="9" type="stmt"/>
        <line num="56" count="9" type="cond" truecount="2" falsecount="0"/>
        <line num="57" count="8" type="stmt"/>
        <line num="58" count="8" type="cond" truecount="2" falsecount="0"/>
        <line num="59" count="7" type="stmt"/>
        <line num="63" count="9" type="cond" truecount="2" falsecount="0"/>
        <line num="64" count="8" type="stmt"/>
        <line num="65" count="8" type="cond" truecount="1" falsecount="1"/>
        <line num="66" count="8" type="stmt"/>
        <line num="70" count="9" type="stmt"/>
        <line num="72" count="9" type="stmt"/>
        <line num="79" count="10" type="cond" truecount="2" falsecount="0"/>
        <line num="80" count="1" type="stmt"/>
        <line num="82" count="9" type="stmt"/>
        <line num="83" count="9" type="stmt"/>
        <line num="84" count="15" type="stmt"/>
        <line num="85" count="15" type="stmt"/>
        <line num="87" count="0" type="stmt"/>
      </file>
      <file name="networkShim.ts" path="/home/luca/sw-rn-client/signalwire-react-native/packages/react-native/src/platform/networkShim.ts">
        <metrics statements="40" coveredstatements="37" conditionals="14" coveredconditionals="14" methods="6" coveredmethods="5"/>
        <line num="14" count="6" type="stmt"/>
        <line num="27" count="8" type="cond" truecount="2" falsecount="0"/>
        <line num="28" count="1" type="stmt"/>
        <line num="31" count="7" type="stmt"/>
        <line num="38" count="7" type="stmt"/>
        <line num="40" count="7" type="stmt"/>
        <line num="45" count="7" type="stmt"/>
        <line num="47" count="7" type="stmt"/>
        <line num="48" count="7" type="stmt"/>
        <line num="49" count="7" type="stmt"/>
        <line num="51" count="7" type="stmt"/>
        <line num="52" count="4" type="cond" truecount="2" falsecount="0"/>
        <line num="53" count="4" type="stmt"/>
        <line num="54" count="4" type="stmt"/>
        <line num="55" count="4" type="stmt"/>
        <line num="58" count="7" type="stmt"/>
        <line num="59" count="0" type="stmt"/>
        <line num="60" count="0" type="stmt"/>
        <line num="63" count="7" type="stmt"/>
        <line num="64" count="5" type="cond" truecount="2" falsecount="0"/>
        <line num="65" count="4" type="stmt"/>
        <line num="66" count="4" type="stmt"/>
        <line num="68" count="0" type="stmt"/>
        <line num="73" count="7" type="cond" truecount="2" falsecount="0"/>
        <line num="74" count="7" type="stmt"/>
        <line num="76" count="7" type="stmt"/>
        <line num="77" count="7" type="stmt"/>
        <line num="78" count="7" type="cond" truecount="2" falsecount="0"/>
        <line num="79" count="2" type="stmt"/>
        <line num="81" count="5" type="stmt"/>
        <line num="82" count="5" type="stmt"/>
        <line num="83" count="5" type="cond" truecount="2" falsecount="0"/>
        <line num="84" count="5" type="cond" truecount="2" falsecount="0"/>
        <line num="87" count="7" type="stmt"/>
        <line num="88" count="8" type="stmt"/>
        <line num="89" count="8" type="stmt"/>
        <line num="90" count="8" type="stmt"/>
        <line num="91" count="8" type="stmt"/>
        <line num="92" count="8" type="stmt"/>
        <line num="95" count="7" type="stmt"/>
      </file>
      <file name="peers.ts" path="/home/luca/sw-rn-client/signalwire-react-native/packages/react-native/src/platform/peers.ts">
        <metrics statements="3" coveredstatements="3" conditionals="5" coveredconditionals="5" methods="1" coveredmethods="1"/>
        <line num="23" count="72" type="cond" truecount="5" falsecount="0"/>
        <line num="24" count="3" type="stmt"/>
        <line num="26" count="69" type="stmt"/>
      </file>
      <file name="storage.ts" path="/home/luca/sw-rn-client/signalwire-react-native/packages/react-native/src/platform/storage.ts">
        <metrics statements="33" coveredstatements="30" conditionals="8" coveredconditionals="4" methods="12" coveredmethods="11"/>
        <line num="20" count="6" type="stmt"/>
        <line num="22" count="34" type="stmt"/>
        <line num="23" count="24" type="stmt"/>
        <line num="29" count="6" type="stmt"/>
        <line num="33" count="8" type="stmt"/>
        <line num="37" count="10" type="stmt"/>
        <line num="38" count="10" type="stmt"/>
        <line num="39" count="10" type="stmt"/>
        <line num="40" count="10" type="cond" truecount="2" falsecount="0"/>
        <line num="41" count="2" type="stmt"/>
        <line num="48" count="17" type="stmt"/>
        <line num="49" count="0" type="stmt"/>
        <line num="54" count="25" type="stmt"/>
        <line num="58" count="11" type="stmt"/>
        <line num="59" count="11" type="stmt"/>
        <line num="60" count="11" type="cond" truecount="2" falsecount="0"/>
        <line num="61" count="1" type="stmt"/>
        <line num="62" count="1" type="stmt"/>
        <line num="64" count="10" type="stmt"/>
        <line num="66" count="1" type="stmt"/>
        <line num="71" count="12" type="stmt"/>
        <line num="72" count="12" type="stmt"/>
        <line num="73" count="12" type="stmt"/>
        <line num="75" count="1" type="stmt"/>
        <line num="76" count="1" type="stmt"/>
        <line num="81" count="1" type="stmt"/>
        <line num="82" count="1" type="stmt"/>
        <line num="83" count="1" type="stmt"/>
        <line num="85" count="0" type="stmt"/>
        <line num="90" count="1" type="stmt"/>
        <line num="91" count="1" type="stmt"/>
        <line num="92" count="1" type="stmt"/>
        <line num="94" count="0" type="stmt"/>
      </file>
      <file name="visibilityShim.ts" path="/home/luca/sw-rn-client/signalwire-react-native/packages/react-native/src/platform/visibilityShim.ts">
        <metrics statements="38" coveredstatements="35" conditionals="12" coveredconditionals="11" methods="6" coveredmethods="5"/>
        <line num="15" count="6" type="stmt"/>
        <line num="17" count="6" type="stmt"/>
        <line num="18" count="13" type="cond" truecount="2" falsecount="0"/>
        <line num="31" count="8" type="cond" truecount="2" falsecount="0"/>
        <line num="32" count="1" type="stmt"/>
        <line num="35" count="7" type="stmt"/>
        <line num="37" count="7" type="stmt"/>
        <line num="39" count="7" type="stmt"/>
        <line num="40" count="7" type="stmt"/>
        <line num="41" count="7" type="stmt"/>
        <line num="43" count="7" type="stmt"/>
        <line num="44" count="2" type="cond" truecount="2" falsecount="0"/>
        <line num="45" count="2" type="stmt"/>
        <line num="46" count="2" type="stmt"/>
        <line num="47" count="2" type="stmt"/>
        <line num="50" count="7" type="stmt"/>
        <line num="51" count="0" type="stmt"/>
        <line num="52" count="0" type="stmt"/>
        <line num="55" count="7" type="cond" truecount="1" falsecount="1"/>
        <line num="56" count="7" type="stmt"/>
        <line num="58" count="7" type="stmt"/>
        <line num="59" count="6" type="stmt"/>
        <line num="60" count="6" type="cond" truecount="2" falsecount="0"/>
        <line num="61" count="1" type="stmt"/>
        <line num="63" count="5" type="stmt"/>
        <line num="64" count="5" type="stmt"/>
        <line num="65" count="5" type="stmt"/>
        <line num="66" count="5" type="cond" truecount="2" falsecount="0"/>
        <line num="67" count="2" type="stmt"/>
        <line num="68" count="2" type="stmt"/>
        <line num="70" count="0" type="stmt"/>
        <line num="75" count="7" type="stmt"/>
        <line num="76" count="8" type="stmt"/>
        <line num="77" count="8" type="stmt"/>
        <line num="78" count="8" type="stmt"/>
        <line num="79" count="8" type="stmt"/>
        <line num="80" count="8" type="stmt"/>
        <line num="83" count="7" type="stmt"/>
      </file>
      <file name="webrtc.ts" path="/home/luca/sw-rn-client/signalwire-react-native/packages/react-native/src/platform/webrtc.ts">
        <metrics statements="12" coveredstatements="12" conditionals="2" coveredconditionals="2" methods="6" coveredmethods="6"/>
        <line num="11" count="6" type="stmt"/>
        <line num="14" count="2" type="cond" truecount="2" falsecount="0"/>
        <line num="15" count="1" type="stmt"/>
        <line num="17" count="1" type="stmt"/>
        <line num="18" count="1" type="stmt"/>
        <line num="31" count="13" type="stmt"/>
        <line num="38" count="13" type="stmt"/>
        <line num="40" count="1" type="stmt"/>
        <line num="42" count="1" type="stmt"/>
        <line num="43" count="1" type="stmt"/>
        <line num="44" count="1" type="stmt"/>
        <line num="47" count="13" type="stmt"/>
      </file>
    </package>
    <package name="src.plugin">
      <metrics statements="23" coveredstatements="23" conditionals="14" coveredconditionals="14" methods="4" coveredmethods="4"/>
      <file name="withAndroidCallKit.ts" path="/home/luca/sw-rn-client/signalwire-react-native/packages/react-native/src/plugin/withAndroidCallKit.ts">
        <metrics statements="6" coveredstatements="6" conditionals="4" coveredconditionals="4" methods="1" coveredmethods="1"/>
        <line num="7" count="1" type="stmt"/>
        <line num="17" count="1" type="stmt"/>
        <line num="24" count="1" type="stmt"/>
        <line num="25" count="12" type="cond" truecount="2" falsecount="0"/>
        <line num="29" count="12" type="cond" truecount="2" falsecount="0"/>
        <line num="31" count="12" type="stmt"/>
      </file>
      <file name="withIosCallKit.ts" path="/home/luca/sw-rn-client/signalwire-react-native/packages/react-native/src/plugin/withIosCallKit.ts">
        <metrics statements="11" coveredstatements="11" conditionals="4" coveredconditionals="4" methods="2" coveredmethods="2"/>
        <line num="12" count="1" type="stmt"/>
        <line num="13" count="12" type="stmt"/>
        <line num="14" count="12" type="stmt"/>
        <line num="16" count="12" type="stmt"/>
        <line num="17" count="12" type="stmt"/>
        <line num="19" count="12" type="cond" truecount="2" falsecount="0"/>
        <line num="20" count="12" type="stmt"/>
        <line num="21" count="12" type="cond" truecount="2" falsecount="0"/>
        <line num="22" count="11" type="stmt"/>
        <line num="24" count="12" type="stmt"/>
        <line num="26" count="12" type="stmt"/>
      </file>
      <file name="withSignalWire.ts" path="/home/luca/sw-rn-client/signalwire-react-native/packages/react-native/src/plugin/withSignalWire.ts">
        <metrics statements="6" coveredstatements="6" conditionals="6" coveredconditionals="6" methods="1" coveredmethods="1"/>
        <line num="17" count="1" type="stmt"/>
        <line num="18" count="1" type="stmt"/>
        <line num="31" count="1" type="stmt"/>
        <line num="37" count="12" type="cond" truecount="2" falsecount="0"/>
        <line num="39" count="12" type="stmt"/>
        <line num="45" count="12" type="stmt"/>
      </file>
    </package>
    <package name="src.react">
      <metrics statements="113" coveredstatements="106" conditionals="65" coveredconditionals="57" methods="32" coveredmethods="30"/>
      <file name="SignalWireProvider.tsx" path="/home/luca/sw-rn-client/signalwire-react-native/packages/react-native/src/react/SignalWireProvider.tsx">
        <metrics statements="23" coveredstatements="22" conditionals="3" coveredconditionals="3" methods="5" coveredmethods="5"/>
        <line num="17" count="4" type="stmt"/>
        <line num="46" count="25" type="stmt"/>
        <line num="47" count="25" type="stmt"/>
        <line num="49" count="25" type="stmt"/>
        <line num="50" count="12" type="stmt"/>
        <line num="51" count="12" type="stmt"/>
        <line num="56" count="12" type="stmt"/>
        <line num="57" count="12" type="stmt"/>
        <line num="59" count="12" type="cond" truecount="2" falsecount="0"/>
        <line num="60" count="3" type="stmt"/>
        <line num="63" count="12" type="stmt"/>
        <line num="64" count="1" type="stmt"/>
        <line num="65" count="1" type="stmt"/>
        <line num="68" count="12" type="stmt"/>
        <line num="69" count="12" type="stmt"/>
        <line num="70" count="12" type="stmt"/>
        <line num="71" count="12" type="stmt"/>
        <line num="72" count="12" type="stmt"/>
        <line num="74" count="0" type="stmt"/>
        <line num="76" count="12" type="stmt"/>
        <line num="84" count="25" type="stmt"/>
        <line num="85" count="25" type="stmt"/>
        <line num="89" count="25" type="stmt"/>
      </file>
      <file name="useCall.ts" path="/home/luca/sw-rn-client/signalwire-react-native/packages/react-native/src/react/useCall.ts">
        <metrics statements="25" coveredstatements="22" conditionals="28" coveredconditionals="22" methods="6" coveredmethods="5"/>
        <line num="13" count="2" type="stmt"/>
        <line num="34" count="28" type="cond" truecount="2" falsecount="0"/>
        <line num="35" count="28" type="cond" truecount="2" falsecount="0"/>
        <line num="36" count="28" type="cond" truecount="2" falsecount="0"/>
        <line num="37" count="28" type="stmt"/>
        <line num="41" count="28" type="stmt"/>
        <line num="45" count="28" type="stmt"/>
        <line num="48" count="28" type="stmt"/>
        <line num="49" count="28" type="stmt"/>
        <line num="51" count="28" type="cond" truecount="2" falsecount="0"/>
        <line num="53" count="28" type="stmt"/>
        <line num="54" count="0" type="cond" truecount="0" falsecount="2"/>
        <line num="58" count="28" type="stmt"/>
        <line num="60" count="2" type="stmt"/>
        <line num="61" count="2" type="cond" truecount="1" falsecount="1"/>
        <line num="62" count="0" type="stmt"/>
        <line num="64" count="2" type="cond" truecount="2" falsecount="0"/>
        <line num="69" count="28" type="stmt"/>
        <line num="71" count="1" type="stmt"/>
        <line num="72" count="1" type="cond" truecount="1" falsecount="1"/>
        <line num="73" count="0" type="stmt"/>
        <line num="75" count="1" type="cond" truecount="1" falsecount="1"/>
        <line num="80" count="28" type="stmt"/>
        <line num="81" count="1" type="cond" truecount="1" falsecount="1"/>
        <line num="85" count="28" type="stmt"/>
      </file>
      <file name="useDevices.ts" path="/home/luca/sw-rn-client/signalwire-react-native/packages/react-native/src/react/useDevices.ts">
        <metrics statements="13" coveredstatements="13" conditionals="12" coveredconditionals="12" methods="4" coveredmethods="4"/>
        <line num="6" count="1" type="stmt"/>
        <line num="30" count="11" type="cond" truecount="2" falsecount="0"/>
        <line num="32" count="11" type="stmt"/>
        <line num="36" count="11" type="stmt"/>
        <line num="40" count="11" type="stmt"/>
        <line num="44" count="11" type="stmt"/>
        <line num="49" count="11" type="stmt"/>
        <line num="50" count="2" type="stmt"/>
        <line num="54" count="11" type="stmt"/>
        <line num="55" count="1" type="stmt"/>
        <line num="59" count="11" type="stmt"/>
        <line num="60" count="2" type="cond" truecount="2" falsecount="0"/>
        <line num="64" count="11" type="stmt"/>
      </file>
      <file name="useIncomingCalls.ts" path="/home/luca/sw-rn-client/signalwire-react-native/packages/react-native/src/react/useIncomingCalls.ts">
        <metrics statements="10" coveredstatements="10" conditionals="2" coveredconditionals="2" methods="3" coveredmethods="3"/>
        <line num="9" count="1" type="stmt"/>
        <line num="24" count="8" type="stmt"/>
        <line num="25" count="8" type="cond" truecount="2" falsecount="0"/>
        <line num="27" count="8" type="stmt"/>
        <line num="28" count="2" type="stmt"/>
        <line num="31" count="8" type="stmt"/>
        <line num="32" count="2" type="stmt"/>
        <line num="33" count="2" type="stmt"/>
        <line num="35" count="1" type="stmt"/>
        <line num="39" count="8" type="stmt"/>
      </file>
      <file name="useObservable.ts" path="/home/luca/sw-rn-client/signalwire-react-native/packages/react-native/src/react/useObservable.ts">
        <metrics statements="21" coveredstatements="21" conditionals="8" coveredconditionals="8" methods="10" coveredmethods="10"/>
        <line num="18" count="242" type="stmt"/>
        <line num="19" count="242" type="stmt"/>
        <line num="20" count="242" type="stmt"/>
        <line num="21" count="229" type="stmt"/>
        <line num="22" count="229" type="stmt"/>
        <line num="24" count="242" type="stmt"/>
        <line num="25" count="242" type="cond" truecount="2" falsecount="0"/>
        <line num="32" count="340" type="cond" truecount="2" falsecount="0"/>
        <line num="34" count="340" type="stmt"/>
        <line num="36" count="340" type="cond" truecount="2" falsecount="0"/>
        <line num="37" count="98" type="stmt"/>
        <line num="39" count="242" type="stmt"/>
        <line num="40" count="242" type="cond" truecount="2" falsecount="0"/>
        <line num="41" count="228" type="stmt"/>
        <line num="43" count="14" type="stmt"/>
        <line num="44" count="14" type="stmt"/>
        <line num="46" count="242" type="stmt"/>
        <line num="48" count="1170" type="stmt"/>
        <line num="63" count="403" type="stmt"/>
        <line num="65" count="403" type="stmt"/>
        <line num="67" count="403" type="stmt"/>
      </file>
      <file name="useSignalWire.ts" path="/home/luca/sw-rn-client/signalwire-react-native/packages/react-native/src/react/useSignalWire.ts">
        <metrics statements="21" coveredstatements="18" conditionals="12" coveredconditionals="10" methods="4" coveredmethods="3"/>
        <line num="22" count="29" type="stmt"/>
        <line num="23" count="28" type="cond" truecount="2" falsecount="0"/>
        <line num="24" count="1" type="stmt"/>
        <line num="29" count="27" type="stmt"/>
        <line num="34" count="29" type="stmt"/>
        <line num="36" count="27" type="cond" truecount="2" falsecount="0"/>
        <line num="37" count="27" type="cond" truecount="2" falsecount="0"/>
        <line num="38" count="27" type="stmt"/>
        <line num="39" count="27" type="stmt"/>
        <line num="41" count="27" type="stmt"/>
        <line num="43" count="5" type="cond" truecount="2" falsecount="0"/>
        <line num="44" count="1" type="stmt"/>
        <line num="46" count="4" type="stmt"/>
        <line num="47" count="4" type="cond" truecount="2" falsecount="0"/>
        <line num="48" count="2" type="stmt"/>
        <line num="50" count="4" type="stmt"/>
        <line num="55" count="27" type="stmt"/>
        <line num="56" count="0" type="cond" truecount="0" falsecount="2"/>
        <line num="57" count="0" type="stmt"/>
        <line num="59" count="0" type="stmt"/>
        <line num="62" count="27" type="stmt"/>
      </file>
    </package>
  </project>
</coverage>
