{"/home/luca/sw-rn-client/signalwire-react-native/packages/react-native/src/audio.ts": {"path":"/home/luca/sw-rn-client/signalwire-react-native/packages/react-native/src/audio.ts","statementMap":{},"fnMap":{},"branchMap":{},"s":{},"f":{},"b":{}}
,"/home/luca/sw-rn-client/signalwire-react-native/packages/react-native/src/callkit.ts": {"path":"/home/luca/sw-rn-client/signalwire-react-native/packages/react-native/src/callkit.ts","statementMap":{},"fnMap":{},"branchMap":{},"s":{},"f":{},"b":{}}
,"/home/luca/sw-rn-client/signalwire-react-native/packages/react-native/src/errors.ts": {"path":"/home/luca/sw-rn-client/signalwire-react-native/packages/react-native/src/errors.ts","statementMap":{"0":{"start":{"line":7,"column":4},"end":{"line":12,"column":6}},"1":{"start":{"line":13,"column":4},"end":{"line":13,"column":45}},"2":{"start":{"line":20,"column":4},"end":{"line":24,"column":6}},"3":{"start":{"line":25,"column":4},"end":{"line":25,"column":44}}},"fnMap":{"0":{"name":"(anonymous_0)","decl":{"start":{"line":3,"column":2},"end":{"line":3,"column":3}},"loc":{"start":{"line":6,"column":4},"end":{"line":14,"column":3}},"line":6},"1":{"name":"(anonymous_1)","decl":{"start":{"line":19,"column":2},"end":{"line":19,"column":3}},"loc":{"start":{"line":19,"column":50},"end":{"line":26,"column":3}},"line":19}},"branchMap":{},"s":{"0":4,"1":4,"2":4,"3":4},"f":{"0":4,"1":4},"b":{},"_coverageSchema":"1a1c01bbd47fc00a2c39e90264f33305004495a9","hash":"7a4469b6270b5820f58d629f3818ad149afe3109"}
,"/home/luca/sw-rn-client/signalwire-react-native/packages/react-native/src/index.ts": {"path":"/home/luca/sw-rn-client/signalwire-react-native/packages/react-native/src/index.ts","statementMap":{},"fnMap":{},"branchMap":{},"s":{},"f":{},"b":{}}
,"/home/luca/sw-rn-client/signalwire-react-native/packages/react-native/src/logger.ts": {"path":"/home/luca/sw-rn-client/signalwire-react-native/packages/react-native/src/logger.ts","statementMap":{"0":{"start":{"line":3,"column":15},"end":{"line":3,"column":31}},"1":{"start":{"line":6,"column":22},"end":{"line":11,"column":1}},"2":{"start":{"line":7,"column":39},"end":{"line":7,"column":73}},"3":{"start":{"line":8,"column":38},"end":{"line":8,"column":71}},"4":{"start":{"line":9,"column":38},"end":{"line":9,"column":71}},"5":{"start":{"line":10,"column":39},"end":{"line":10,"column":73}}},"fnMap":{"0":{"name":"(anonymous_0)","decl":{"start":{"line":7,"column":9},"end":{"line":7,"column":10}},"loc":{"start":{"line":7,"column":39},"end":{"line":7,"column":73}},"line":7},"1":{"name":"(anonymous_1)","decl":{"start":{"line":8,"column":8},"end":{"line":8,"column":9}},"loc":{"start":{"line":8,"column":38},"end":{"line":8,"column":71}},"line":8},"2":{"name":"(anonymous_2)","decl":{"start":{"line":9,"column":8},"end":{"line":9,"column":9}},"loc":{"start":{"line":9,"column":38},"end":{"line":9,"column":71}},"line":9},"3":{"name":"(anonymous_3)","decl":{"start":{"line":10,"column":9},"end":{"line":10,"column":10}},"loc":{"start":{"line":10,"column":39},"end":{"line":10,"column":73}},"line":10}},"branchMap":{},"s":{"0":20,"1":20,"2":87,"3":1,"4":15,"5":1},"f":{"0":87,"1":1,"2":15,"3":1},"b":{},"_coverageSchema":"1a1c01bbd47fc00a2c39e90264f33305004495a9","hash":"431e5a951ef4717428f696315600f316d4b2c62b"}
,"/home/luca/sw-rn-client/signalwire-react-native/packages/react-native/src/polyfills.ts": {"path":"/home/luca/sw-rn-client/signalwire-react-native/packages/react-native/src/polyfills.ts","statementMap":{"0":{"start":{"line":25,"column":0},"end":{"line":25,"column":21}}},"fnMap":{},"branchMap":{},"s":{"0":0},"f":{},"b":{}}
,"/home/luca/sw-rn-client/signalwire-react-native/packages/react-native/src/audio/AudioRouteController.ts": {"path":"/home/luca/sw-rn-client/signalwire-react-native/packages/react-native/src/audio/AudioRouteController.ts","statementMap":{"0":{"start":{"line":19,"column":29},"end":{"line":19,"column":72}},"1":{"start":{"line":20,"column":20},"end":{"line":20,"column":25}},"2":{"start":{"line":23,"column":4},"end":{"line":28,"column":6}},"3":{"start":{"line":32,"column":4},"end":{"line":32,"column":39}},"4":{"start":{"line":36,"column":4},"end":{"line":36,"column":30}},"5":{"start":{"line":41,"column":4},"end":{"line":46,"column":5}},"6":{"start":{"line":42,"column":6},"end":{"line":42,"column":37}},"7":{"start":{"line":43,"column":6},"end":{"line":43,"column":26}},"8":{"start":{"line":45,"column":6},"end":{"line":45,"column":63}},"9":{"start":{"line":47,"column":4},"end":{"line":47,"column":68}},"10":{"start":{"line":52,"column":4},"end":{"line":58,"column":5}},"11":{"start":{"line":53,"column":6},"end":{"line":55,"column":7}},"12":{"start":{"line":54,"column":8},"end":{"line":54,"column":29}},"13":{"start":{"line":57,"column":6},"end":{"line":57,"column":62}},"14":{"start":{"line":59,"column":4},"end":{"line":59,"column":25}},"15":{"start":{"line":60,"column":4},"end":{"line":60,"column":32}},"16":{"start":{"line":61,"column":4},"end":{"line":61,"column":34}},"17":{"start":{"line":71,"column":4},"end":{"line":73,"column":5}},"18":{"start":{"line":72,"column":6},"end":{"line":72,"column":13}},"19":{"start":{"line":74,"column":4},"end":{"line":74,"column":27}},"20":{"start":{"line":75,"column":4},"end":{"line":75,"column":29}},"21":{"start":{"line":79,"column":4},"end":{"line":87,"column":5}},"22":{"start":{"line":80,"column":6},"end":{"line":83,"column":7}},"23":{"start":{"line":81,"column":8},"end":{"line":81,"column":57}},"24":{"start":{"line":82,"column":8},"end":{"line":82,"column":15}},"25":{"start":{"line":84,"column":6},"end":{"line":84,"column":64}},"26":{"start":{"line":86,"column":6},"end":{"line":86,"column":68}},"27":{"start":{"line":91,"column":4},"end":{"line":91,"column":16}},"28":{"start":{"line":92,"column":4},"end":{"line":92,"column":28}},"29":{"start":{"line":96,"column":45},"end":{"line":96,"column":49}},"30":{"start":{"line":100,"column":2},"end":{"line":100,"column":43}},"31":{"start":{"line":101,"column":2},"end":{"line":101,"column":19}},"32":{"start":{"line":106,"column":2},"end":{"line":106,"column":23}},"33":{"start":{"line":107,"column":2},"end":{"line":107,"column":19}}},"fnMap":{"0":{"name":"(anonymous_0)","decl":{"start":{"line":22,"column":2},"end":{"line":22,"column":3}},"loc":{"start":{"line":22,"column":16},"end":{"line":29,"column":3}},"line":22},"1":{"name":"(anonymous_1)","decl":{"start":{"line":31,"column":2},"end":{"line":31,"column":3}},"loc":{"start":{"line":31,"column":39},"end":{"line":33,"column":3}},"line":31},"2":{"name":"(anonymous_2)","decl":{"start":{"line":35,"column":2},"end":{"line":35,"column":3}},"loc":{"start":{"line":35,"column":26},"end":{"line":37,"column":3}},"line":35},"3":{"name":"(anonymous_3)","decl":{"start":{"line":40,"column":2},"end":{"line":40,"column":3}},"loc":{"start":{"line":40,"column":40},"end":{"line":48,"column":3}},"line":40},"4":{"name":"(anonymous_4)","decl":{"start":{"line":51,"column":2},"end":{"line":51,"column":3}},"loc":{"start":{"line":51,"column":15},"end":{"line":62,"column":3}},"line":51},"5":{"name":"(anonymous_5)","decl":{"start":{"line":70,"column":2},"end":{"line":70,"column":3}},"loc":{"start":{"line":70,"column":51},"end":{"line":76,"column":3}},"line":70},"6":{"name":"(anonymous_6)","decl":{"start":{"line":78,"column":2},"end":{"line":78,"column":3}},"loc":{"start":{"line":78,"column":46},"end":{"line":88,"column":3}},"line":78},"7":{"name":"(anonymous_7)","decl":{"start":{"line":90,"column":2},"end":{"line":90,"column":3}},"loc":{"start":{"line":90,"column":18},"end":{"line":93,"column":3}},"line":90},"8":{"name":"getAudioRouteController","decl":{"start":{"line":99,"column":16},"end":{"line":99,"column":39}},"loc":{"start":{"line":99,"column":64},"end":{"line":102,"column":1}},"line":99},"9":{"name":"resetAudioRouteControllerForTesting","decl":{"start":{"line":105,"column":16},"end":{"line":105,"column":51}},"loc":{"start":{"line":105,"column":60},"end":{"line":108,"column":1}},"line":105}},"branchMap":{"0":{"loc":{"start":{"line":47,"column":18},"end":{"line":47,"column":60}},"type":"cond-expr","locations":[{"start":{"line":47,"column":38},"end":{"line":47,"column":47}},{"start":{"line":47,"column":50},"end":{"line":47,"column":60}}],"line":47},"1":{"loc":{"start":{"line":53,"column":6},"end":{"line":55,"column":7}},"type":"if","locations":[{"start":{"line":53,"column":6},"end":{"line":55,"column":7}},{"start":{},"end":{}}],"line":53},"2":{"loc":{"start":{"line":70,"column":30},"end":{"line":70,"column":43}},"type":"default-arg","locations":[{"start":{"line":70,"column":38},"end":{"line":70,"column":43}}],"line":70},"3":{"loc":{"start":{"line":71,"column":4},"end":{"line":73,"column":5}},"type":"if","locations":[{"start":{"line":71,"column":4},"end":{"line":73,"column":5}},{"start":{},"end":{}}],"line":71},"4":{"loc":{"start":{"line":71,"column":8},"end":{"line":71,"column":46}},"type":"binary-expr","locations":[{"start":{"line":71,"column":8},"end":{"line":71,"column":14}},{"start":{"line":71,"column":18},"end":{"line":71,"column":46}}],"line":71},"5":{"loc":{"start":{"line":80,"column":6},"end":{"line":83,"column":7}},"type":"if","locations":[{"start":{"line":80,"column":6},"end":{"line":83,"column":7}},{"start":{},"end":{}}],"line":80}},"s":{"0":19,"1":19,"2":19,"3":9,"4":15,"5":13,"6":13,"7":13,"8":0,"9":13,"10":23,"11":23,"12":11,"13":0,"14":23,"15":23,"16":23,"17":23,"18":1,"19":22,"20":22,"21":45,"22":45,"23":2,"24":2,"25":43,"26":1,"27":18,"28":18,"29":5,"30":14,"31":14,"32":14,"33":14},"f":{"0":19,"1":9,"2":15,"3":13,"4":23,"5":23,"6":45,"7":18,"8":14,"9":14},"b":{"0":[4,9],"1":[11,12],"2":[10],"3":[1,22],"4":[23,10],"5":[2,43]},"_coverageSchema":"1a1c01bbd47fc00a2c39e90264f33305004495a9","hash":"ae8ce0158025c2d34e3d9481ac60a8bc44da8308"}
,"/home/luca/sw-rn-client/signalwire-react-native/packages/react-native/src/audio/useAudioRoute.ts": {"path":"/home/luca/sw-rn-client/signalwire-react-native/packages/react-native/src/audio/useAudioRoute.ts","statementMap":{"0":{"start":{"line":15,"column":21},"end":{"line":15,"column":65}},"1":{"start":{"line":15,"column":35},"end":{"line":15,"column":60}},"2":{"start":{"line":16,"column":16},"end":{"line":16,"column":66}},"3":{"start":{"line":18,"column":19},"end":{"line":18,"column":99}},"4":{"start":{"line":18,"column":59},"end":{"line":18,"column":84}},"5":{"start":{"line":20,"column":2},"end":{"line":20,"column":29}}},"fnMap":{"0":{"name":"useAudioRoute","decl":{"start":{"line":14,"column":16},"end":{"line":14,"column":29}},"loc":{"start":{"line":14,"column":53},"end":{"line":21,"column":1}},"line":14},"1":{"name":"(anonymous_1)","decl":{"start":{"line":15,"column":29},"end":{"line":15,"column":30}},"loc":{"start":{"line":15,"column":35},"end":{"line":15,"column":60}},"line":15},"2":{"name":"(anonymous_2)","decl":{"start":{"line":18,"column":31},"end":{"line":18,"column":32}},"loc":{"start":{"line":18,"column":59},"end":{"line":18,"column":84}},"line":18}},"branchMap":{},"s":{"0":8,"1":3,"2":7,"3":7,"4":1,"5":7},"f":{"0":8,"1":3,"2":1},"b":{},"_coverageSchema":"1a1c01bbd47fc00a2c39e90264f33305004495a9","hash":"00658a099e4c991633e154e86d9341d642e9aec2"}
,"/home/luca/sw-rn-client/signalwire-react-native/packages/react-native/src/callkit/CallKeepBridge.ts": {"path":"/home/luca/sw-rn-client/signalwire-react-native/packages/react-native/src/callkit/CallKeepBridge.ts","statementMap":{"0":{"start":{"line":13,"column":25},"end":{"line":13,"column":29}},"1":{"start":{"line":14,"column":33},"end":{"line":14,"column":37}},"2":{"start":{"line":15,"column":20},"end":{"line":15,"column":29}},"3":{"start":{"line":18,"column":26},"end":{"line":18,"column":82}},"4":{"start":{"line":32,"column":22},"end":{"line":39,"column":10}},"5":{"start":{"line":50,"column":32},"end":{"line":50,"column":51}},"6":{"start":{"line":51,"column":26},"end":{"line":51,"column":31}},"7":{"start":{"line":52,"column":20},"end":{"line":52,"column":25}},"8":{"start":{"line":53,"column":61},"end":{"line":53,"column":65}},"9":{"start":{"line":54,"column":50},"end":{"line":54,"column":54}},"10":{"start":{"line":57,"column":35},"end":{"line":67,"column":5}},"11":{"start":{"line":59,"column":8},"end":{"line":59,"column":98}},"12":{"start":{"line":61,"column":8},"end":{"line":61,"column":88}},"13":{"start":{"line":62,"column":41},"end":{"line":62,"column":93}},"14":{"start":{"line":64,"column":8},"end":{"line":64,"column":73}},"15":{"start":{"line":65,"column":26},"end":{"line":65,"column":40}},"16":{"start":{"line":66,"column":17},"end":{"line":66,"column":27}},"17":{"start":{"line":69,"column":4},"end":{"line":69,"column":89}},"18":{"start":{"line":74,"column":4},"end":{"line":76,"column":5}},"19":{"start":{"line":75,"column":6},"end":{"line":75,"column":13}},"20":{"start":{"line":78,"column":4},"end":{"line":83,"column":6}},"21":{"start":{"line":85,"column":4},"end":{"line":85,"column":56}},"22":{"start":{"line":87,"column":4},"end":{"line":110,"column":16}},"23":{"start":{"line":112,"column":4},"end":{"line":112,"column":34}},"24":{"start":{"line":113,"column":4},"end":{"line":113,"column":35}},"25":{"start":{"line":114,"column":4},"end":{"line":114,"column":24}},"26":{"start":{"line":115,"column":4},"end":{"line":115,"column":34}},"27":{"start":{"line":123,"column":17},"end":{"line":123,"column":58}},"28":{"start":{"line":124,"column":4},"end":{"line":124,"column":25}},"29":{"start":{"line":125,"column":4},"end":{"line":125,"column":16}},"30":{"start":{"line":130,"column":4},"end":{"line":137,"column":7}},"31":{"start":{"line":131,"column":6},"end":{"line":136,"column":7}},"32":{"start":{"line":132,"column":8},"end":{"line":135,"column":9}},"33":{"start":{"line":133,"column":10},"end":{"line":133,"column":49}},"34":{"start":{"line":134,"column":10},"end":{"line":134,"column":37}},"35":{"start":{"line":142,"column":17},"end":{"line":142,"column":76}},"36":{"start":{"line":143,"column":4},"end":{"line":143,"column":31}},"37":{"start":{"line":144,"column":4},"end":{"line":144,"column":16}},"38":{"start":{"line":148,"column":4},"end":{"line":148,"column":27}},"39":{"start":{"line":149,"column":4},"end":{"line":149,"column":31}},"40":{"start":{"line":150,"column":4},"end":{"line":150,"column":23}},"41":{"start":{"line":151,"column":4},"end":{"line":153,"column":5}},"42":{"start":{"line":152,"column":6},"end":{"line":152,"column":44}},"43":{"start":{"line":154,"column":4},"end":{"line":154,"column":28}},"44":{"start":{"line":155,"column":4},"end":{"line":155,"column":25}},"45":{"start":{"line":161,"column":4},"end":{"line":167,"column":7}},"46":{"start":{"line":162,"column":6},"end":{"line":162,"column":52}},"47":{"start":{"line":165,"column":6},"end":{"line":165,"column":52}},"48":{"start":{"line":166,"column":6},"end":{"line":166,"column":45}},"49":{"start":{"line":169,"column":4},"end":{"line":178,"column":7}},"50":{"start":{"line":170,"column":6},"end":{"line":170,"column":49}},"51":{"start":{"line":171,"column":20},"end":{"line":171,"column":56}},"52":{"start":{"line":172,"column":6},"end":{"line":175,"column":7}},"53":{"start":{"line":173,"column":8},"end":{"line":173,"column":54}},"54":{"start":{"line":174,"column":8},"end":{"line":174,"column":15}},"55":{"start":{"line":176,"column":6},"end":{"line":176,"column":38}},"56":{"start":{"line":177,"column":6},"end":{"line":177,"column":23}},"57":{"start":{"line":180,"column":4},"end":{"line":185,"column":6}},"58":{"start":{"line":183,"column":8},"end":{"line":183,"column":76}},"59":{"start":{"line":187,"column":4},"end":{"line":189,"column":7}},"60":{"start":{"line":188,"column":6},"end":{"line":188,"column":68}},"61":{"start":{"line":191,"column":4},"end":{"line":200,"column":6}},"62":{"start":{"line":194,"column":28},"end":{"line":194,"column":76}},"63":{"start":{"line":195,"column":8},"end":{"line":197,"column":9}},"64":{"start":{"line":196,"column":10},"end":{"line":196,"column":17}},"65":{"start":{"line":198,"column":8},"end":{"line":198,"column":65}},"66":{"start":{"line":203,"column":4},"end":{"line":207,"column":7}},"67":{"start":{"line":204,"column":6},"end":{"line":204,"column":46}},"68":{"start":{"line":205,"column":6},"end":{"line":205,"column":32}},"69":{"start":{"line":206,"column":6},"end":{"line":206,"column":35}},"70":{"start":{"line":218,"column":4},"end":{"line":226,"column":5}},"71":{"start":{"line":219,"column":19},"end":{"line":221,"column":8}},"72":{"start":{"line":220,"column":8},"end":{"line":220,"column":40}},"73":{"start":{"line":222,"column":6},"end":{"line":225,"column":9}},"74":{"start":{"line":224,"column":39},"end":{"line":224,"column":84}},"75":{"start":{"line":227,"column":4},"end":{"line":227,"column":22}},"76":{"start":{"line":231,"column":4},"end":{"line":235,"column":5}},"77":{"start":{"line":232,"column":6},"end":{"line":232,"column":78}},"78":{"start":{"line":234,"column":6},"end":{"line":234,"column":55}},"79":{"start":{"line":239,"column":4},"end":{"line":243,"column":5}},"80":{"start":{"line":240,"column":6},"end":{"line":240,"column":39}},"81":{"start":{"line":242,"column":6},"end":{"line":242,"column":64}},"82":{"start":{"line":247,"column":4},"end":{"line":260,"column":7}},"83":{"start":{"line":248,"column":19},"end":{"line":248,"column":50}},"84":{"start":{"line":249,"column":6},"end":{"line":251,"column":7}},"85":{"start":{"line":250,"column":8},"end":{"line":250,"column":15}},"86":{"start":{"line":252,"column":6},"end":{"line":255,"column":7}},"87":{"start":{"line":253,"column":8},"end":{"line":253,"column":44}},"88":{"start":{"line":254,"column":8},"end":{"line":254,"column":15}},"89":{"start":{"line":256,"column":6},"end":{"line":259,"column":7}},"90":{"start":{"line":257,"column":8},"end":{"line":257,"column":46}},"91":{"start":{"line":258,"column":8},"end":{"line":258,"column":25}},"92":{"start":{"line":264,"column":4},"end":{"line":266,"column":5}},"93":{"start":{"line":265,"column":6},"end":{"line":265,"column":13}},"94":{"start":{"line":267,"column":4},"end":{"line":273,"column":25}},"95":{"start":{"line":268,"column":6},"end":{"line":268,"column":27}},"96":{"start":{"line":269,"column":22},"end":{"line":269,"column":91}},"97":{"start":{"line":269,"column":60},"end":{"line":269,"column":90}},"98":{"start":{"line":270,"column":6},"end":{"line":272,"column":7}},"99":{"start":{"line":271,"column":8},"end":{"line":271,"column":27}},"100":{"start":{"line":277,"column":4},"end":{"line":280,"column":5}},"101":{"start":{"line":278,"column":6},"end":{"line":278,"column":36}},"102":{"start":{"line":279,"column":6},"end":{"line":279,"column":28}},"103":{"start":{"line":284,"column":20},"end":{"line":284,"column":46}},"104":{"start":{"line":285,"column":4},"end":{"line":285,"column":71}},"105":{"start":{"line":291,"column":16},"end":{"line":291,"column":34}},"106":{"start":{"line":292,"column":2},"end":{"line":292,"column":32}},"107":{"start":{"line":293,"column":2},"end":{"line":293,"column":39}},"108":{"start":{"line":294,"column":2},"end":{"line":294,"column":39}},"109":{"start":{"line":295,"column":14},"end":{"line":295,"column":83}},"110":{"start":{"line":295,"column":39},"end":{"line":295,"column":73}},"111":{"start":{"line":296,"column":2},"end":{"line":296,"column":109}},"112":{"start":{"line":299,"column":39},"end":{"line":299,"column":43}},"113":{"start":{"line":303,"column":2},"end":{"line":303,"column":37}},"114":{"start":{"line":304,"column":2},"end":{"line":304,"column":19}},"115":{"start":{"line":309,"column":2},"end":{"line":309,"column":23}},"116":{"start":{"line":310,"column":2},"end":{"line":310,"column":19}}},"fnMap":{"0":{"name":"(anonymous_0)","decl":{"start":{"line":56,"column":2},"end":{"line":56,"column":3}},"loc":{"start":{"line":56,"column":58},"end":{"line":70,"column":3}},"line":56},"1":{"name":"(anonymous_1)","decl":{"start":{"line":58,"column":27},"end":{"line":58,"column":28}},"loc":{"start":{"line":59,"column":8},"end":{"line":59,"column":98}},"line":59},"2":{"name":"(anonymous_2)","decl":{"start":{"line":60,"column":25},"end":{"line":60,"column":26}},"loc":{"start":{"line":61,"column":8},"end":{"line":61,"column":88}},"line":61},"3":{"name":"(anonymous_3)","decl":{"start":{"line":62,"column":31},"end":{"line":62,"column":32}},"loc":{"start":{"line":62,"column":41},"end":{"line":62,"column":93}},"line":62},"4":{"name":"(anonymous_4)","decl":{"start":{"line":63,"column":23},"end":{"line":63,"column":24}},"loc":{"start":{"line":64,"column":8},"end":{"line":64,"column":73}},"line":64},"5":{"name":"(anonymous_5)","decl":{"start":{"line":65,"column":20},"end":{"line":65,"column":21}},"loc":{"start":{"line":65,"column":26},"end":{"line":65,"column":40}},"line":65},"6":{"name":"(anonymous_6)","decl":{"start":{"line":66,"column":11},"end":{"line":66,"column":12}},"loc":{"start":{"line":66,"column":17},"end":{"line":66,"column":27}},"line":66},"7":{"name":"(anonymous_7)","decl":{"start":{"line":73,"column":2},"end":{"line":73,"column":3}},"loc":{"start":{"line":73,"column":59},"end":{"line":116,"column":3}},"line":73},"8":{"name":"(anonymous_8)","decl":{"start":{"line":122,"column":2},"end":{"line":122,"column":3}},"loc":{"start":{"line":122,"column":51},"end":{"line":126,"column":3}},"line":122},"9":{"name":"(anonymous_9)","decl":{"start":{"line":129,"column":2},"end":{"line":129,"column":3}},"loc":{"start":{"line":129,"column":39},"end":{"line":138,"column":3}},"line":129},"10":{"name":"(anonymous_10)","decl":{"start":{"line":130,"column":77},"end":{"line":130,"column":78}},"loc":{"start":{"line":130,"column":88},"end":{"line":137,"column":5}},"line":130},"11":{"name":"(anonymous_11)","decl":{"start":{"line":141,"column":2},"end":{"line":141,"column":3}},"loc":{"start":{"line":141,"column":69},"end":{"line":145,"column":3}},"line":141},"12":{"name":"(anonymous_12)","decl":{"start":{"line":147,"column":2},"end":{"line":147,"column":3}},"loc":{"start":{"line":147,"column":18},"end":{"line":156,"column":3}},"line":147},"13":{"name":"(anonymous_13)","decl":{"start":{"line":160,"column":2},"end":{"line":160,"column":3}},"loc":{"start":{"line":160,"column":42},"end":{"line":208,"column":3}},"line":160},"14":{"name":"(anonymous_14)","decl":{"start":{"line":161,"column":46},"end":{"line":161,"column":47}},"loc":{"start":{"line":161,"column":86},"end":{"line":167,"column":5}},"line":161},"15":{"name":"(anonymous_15)","decl":{"start":{"line":169,"column":43},"end":{"line":169,"column":44}},"loc":{"start":{"line":169,"column":83},"end":{"line":178,"column":5}},"line":169},"16":{"name":"(anonymous_16)","decl":{"start":{"line":182,"column":6},"end":{"line":182,"column":7}},"loc":{"start":{"line":182,"column":70},"end":{"line":184,"column":7}},"line":182},"17":{"name":"(anonymous_17)","decl":{"start":{"line":187,"column":59},"end":{"line":187,"column":60}},"loc":{"start":{"line":187,"column":99},"end":{"line":189,"column":5}},"line":187},"18":{"name":"(anonymous_18)","decl":{"start":{"line":193,"column":6},"end":{"line":193,"column":7}},"loc":{"start":{"line":193,"column":69},"end":{"line":199,"column":7}},"line":193},"19":{"name":"(anonymous_19)","decl":{"start":{"line":203,"column":59},"end":{"line":203,"column":60}},"loc":{"start":{"line":203,"column":65},"end":{"line":207,"column":5}},"line":203},"20":{"name":"(anonymous_20)","decl":{"start":{"line":217,"column":2},"end":{"line":217,"column":3}},"loc":{"start":{"line":217,"column":60},"end":{"line":228,"column":3}},"line":217},"21":{"name":"(anonymous_21)","decl":{"start":{"line":219,"column":37},"end":{"line":219,"column":38}},"loc":{"start":{"line":219,"column":50},"end":{"line":221,"column":7}},"line":219},"22":{"name":"(anonymous_22)","decl":{"start":{"line":224,"column":26},"end":{"line":224,"column":27}},"loc":{"start":{"line":224,"column":39},"end":{"line":224,"column":84}},"line":224},"23":{"name":"(anonymous_23)","decl":{"start":{"line":230,"column":2},"end":{"line":230,"column":3}},"loc":{"start":{"line":230,"column":29},"end":{"line":236,"column":3}},"line":230},"24":{"name":"(anonymous_24)","decl":{"start":{"line":238,"column":2},"end":{"line":238,"column":3}},"loc":{"start":{"line":238,"column":28},"end":{"line":244,"column":3}},"line":238},"25":{"name":"(anonymous_25)","decl":{"start":{"line":246,"column":2},"end":{"line":246,"column":3}},"loc":{"start":{"line":246,"column":44},"end":{"line":261,"column":3}},"line":246},"26":{"name":"(anonymous_26)","decl":{"start":{"line":247,"column":60},"end":{"line":247,"column":61}},"loc":{"start":{"line":247,"column":72},"end":{"line":260,"column":5}},"line":247},"27":{"name":"(anonymous_27)","decl":{"start":{"line":263,"column":2},"end":{"line":263,"column":3}},"loc":{"start":{"line":263,"column":32},"end":{"line":274,"column":3}},"line":263},"28":{"name":"(anonymous_28)","decl":{"start":{"line":267,"column":33},"end":{"line":267,"column":34}},"loc":{"start":{"line":267,"column":39},"end":{"line":273,"column":5}},"line":267},"29":{"name":"(anonymous_29)","decl":{"start":{"line":269,"column":49},"end":{"line":269,"column":50}},"loc":{"start":{"line":269,"column":60},"end":{"line":269,"column":90}},"line":269},"30":{"name":"(anonymous_30)","decl":{"start":{"line":276,"column":2},"end":{"line":276,"column":3}},"loc":{"start":{"line":276,"column":30},"end":{"line":281,"column":3}},"line":276},"31":{"name":"(anonymous_31)","decl":{"start":{"line":283,"column":2},"end":{"line":283,"column":3}},"loc":{"start":{"line":283,"column":70},"end":{"line":286,"column":3}},"line":283},"32":{"name":"generateUuid","decl":{"start":{"line":290,"column":9},"end":{"line":290,"column":21}},"loc":{"start":{"line":290,"column":32},"end":{"line":297,"column":1}},"line":290},"33":{"name":"(anonymous_33)","decl":{"start":{"line":295,"column":29},"end":{"line":295,"column":30}},"loc":{"start":{"line":295,"column":39},"end":{"line":295,"column":73}},"line":295},"34":{"name":"getCallKit","decl":{"start":{"line":302,"column":16},"end":{"line":302,"column":26}},"loc":{"start":{"line":302,"column":45},"end":{"line":305,"column":1}},"line":302},"35":{"name":"resetCallKitForTesting","decl":{"start":{"line":308,"column":16},"end":{"line":308,"column":38}},"loc":{"start":{"line":308,"column":47},"end":{"line":311,"column":1}},"line":308}},"branchMap":{"0":{"loc":{"start":{"line":56,"column":14},"end":{"line":56,"column":56}},"type":"default-arg","locations":[{"start":{"line":56,"column":54},"end":{"line":56,"column":56}}],"line":56},"1":{"loc":{"start":{"line":74,"column":4},"end":{"line":76,"column":5}},"type":"if","locations":[{"start":{"line":74,"column":4},"end":{"line":76,"column":5}},{"start":{},"end":{}}],"line":74},"2":{"loc":{"start":{"line":85,"column":25},"end":{"line":85,"column":55}},"type":"binary-expr","locations":[{"start":{"line":85,"column":25},"end":{"line":85,"column":46}},{"start":{"line":85,"column":50},"end":{"line":85,"column":55}}],"line":85},"3":{"loc":{"start":{"line":105,"column":21},"end":{"line":105,"column":67}},"type":"binary-expr","locations":[{"start":{"line":105,"column":21},"end":{"line":105,"column":45}},{"start":{"line":105,"column":49},"end":{"line":105,"column":67}}],"line":105},"4":{"loc":{"start":{"line":106,"column":23},"end":{"line":106,"column":68}},"type":"binary-expr","locations":[{"start":{"line":106,"column":23},"end":{"line":106,"column":49}},{"start":{"line":106,"column":53},"end":{"line":106,"column":68}}],"line":106},"5":{"loc":{"start":{"line":132,"column":8},"end":{"line":135,"column":9}},"type":"if","locations":[{"start":{"line":132,"column":8},"end":{"line":135,"column":9}},{"start":{},"end":{}}],"line":132},"6":{"loc":{"start":{"line":172,"column":6},"end":{"line":175,"column":7}},"type":"if","locations":[{"start":{"line":172,"column":6},"end":{"line":175,"column":7}},{"start":{},"end":{}}],"line":172},"7":{"loc":{"start":{"line":195,"column":8},"end":{"line":197,"column":9}},"type":"if","locations":[{"start":{"line":195,"column":8},"end":{"line":197,"column":9}},{"start":{},"end":{}}],"line":195},"8":{"loc":{"start":{"line":198,"column":14},"end":{"line":198,"column":63}},"type":"cond-expr","locations":[{"start":{"line":198,"column":22},"end":{"line":198,"column":40}},{"start":{"line":198,"column":43},"end":{"line":198,"column":63}}],"line":198},"9":{"loc":{"start":{"line":218,"column":4},"end":{"line":226,"column":5}},"type":"if","locations":[{"start":{"line":218,"column":4},"end":{"line":226,"column":5}},{"start":{},"end":{}}],"line":218},"10":{"loc":{"start":{"line":232,"column":38},"end":{"line":232,"column":76}},"type":"cond-expr","locations":[{"start":{"line":232,"column":59},"end":{"line":232,"column":66}},{"start":{"line":232,"column":69},"end":{"line":232,"column":76}}],"line":232},"11":{"loc":{"start":{"line":249,"column":6},"end":{"line":251,"column":7}},"type":"if","locations":[{"start":{"line":249,"column":6},"end":{"line":251,"column":7}},{"start":{},"end":{}}],"line":249},"12":{"loc":{"start":{"line":252,"column":6},"end":{"line":255,"column":7}},"type":"if","locations":[{"start":{"line":252,"column":6},"end":{"line":255,"column":7}},{"start":{},"end":{}}],"line":252},"13":{"loc":{"start":{"line":256,"column":6},"end":{"line":259,"column":7}},"type":"if","locations":[{"start":{"line":256,"column":6},"end":{"line":259,"column":7}},{"start":{},"end":{}}],"line":256},"14":{"loc":{"start":{"line":264,"column":4},"end":{"line":266,"column":5}},"type":"if","locations":[{"start":{"line":264,"column":4},"end":{"line":266,"column":5}},{"start":{},"end":{}}],"line":264},"15":{"loc":{"start":{"line":270,"column":6},"end":{"line":272,"column":7}},"type":"if","locations":[{"start":{"line":270,"column":6},"end":{"line":272,"column":7}},{"start":{},"end":{}}],"line":270},"16":{"loc":{"start":{"line":277,"column":4},"end":{"line":280,"column":5}},"type":"if","locations":[{"start":{"line":277,"column":4},"end":{"line":280,"column":5}},{"start":{},"end":{}}],"line":277},"17":{"loc":{"start":{"line":285,"column":11},"end":{"line":285,"column":70}},"type":"cond-expr","locations":[{"start":{"line":285,"column":33},"end":{"line":285,"column":47}},{"start":{"line":285,"column":50},"end":{"line":285,"column":70}}],"line":285}},"s":{"0":3,"1":3,"2":3,"3":3,"4":3,"5":31,"6":31,"7":31,"8":31,"9":31,"10":31,"11":21,"12":2,"13":1,"14":5,"15":23,"16":32,"17":31,"18":30,"19":1,"20":29,"21":29,"22":29,"23":29,"24":29,"25":29,"26":29,"27":21,"28":21,"29":21,"30":16,"31":16,"32":16,"33":16,"34":16,"35":2,"36":2,"37":2,"38":32,"39":32,"40":32,"41":32,"42":192,"43":32,"44":32,"45":29,"46":8,"47":8,"48":8,"49":29,"50":3,"51":3,"52":3,"53":1,"54":1,"55":2,"56":2,"57":29,"58":1,"59":29,"60":1,"61":29,"62":2,"63":2,"64":0,"65":2,"66":29,"67":2,"68":2,"69":2,"70":8,"71":5,"72":5,"73":5,"74":5,"75":6,"76":6,"77":6,"78":0,"79":3,"80":3,"81":0,"82":18,"83":20,"84":20,"85":0,"86":20,"87":1,"88":1,"89":19,"90":1,"91":1,"92":21,"93":0,"94":21,"95":11,"96":11,"97":11,"98":11,"99":4,"100":36,"101":21,"102":21,"103":5,"104":5,"105":23,"106":23,"107":23,"108":23,"109":23,"110":368,"111":23,"112":3,"113":4,"114":4,"115":2,"116":2},"f":{"0":31,"1":21,"2":2,"3":1,"4":5,"5":23,"6":32,"7":30,"8":21,"9":16,"10":16,"11":2,"12":32,"13":29,"14":8,"15":3,"16":1,"17":1,"18":2,"19":2,"20":8,"21":5,"22":5,"23":6,"24":3,"25":18,"26":20,"27":21,"28":11,"29":11,"30":36,"31":5,"32":23,"33":368,"34":4,"35":2},"b":{"0":[27],"1":[1,29],"2":[29,28],"3":[29,29],"4":[29,29],"5":[16,0],"6":[1,2],"7":[0,2],"8":[1,1],"9":[5,3],"10":[1,5],"11":[0,20],"12":[1,19],"13":[1,18],"14":[0,21],"15":[4,7],"16":[21,15],"17":[2,3]},"_coverageSchema":"1a1c01bbd47fc00a2c39e90264f33305004495a9","hash":"3b8c63e68bb6ae1fb4da39bea5b19f10e9b98211"}
,"/home/luca/sw-rn-client/signalwire-react-native/packages/react-native/src/callkit/CallRegistry.ts": {"path":"/home/luca/sw-rn-client/signalwire-react-native/packages/react-native/src/callkit/CallRegistry.ts","statementMap":{"0":{"start":{"line":15,"column":34},"end":{"line":15,"column":40}},"1":{"start":{"line":16,"column":23},"end":{"line":16,"column":32}},"2":{"start":{"line":17,"column":21},"end":{"line":17,"column":37}},"3":{"start":{"line":30,"column":31},"end":{"line":30,"column":67}},"4":{"start":{"line":31,"column":28},"end":{"line":31,"column":56}},"5":{"start":{"line":34,"column":4},"end":{"line":34,"column":29}},"6":{"start":{"line":35,"column":4},"end":{"line":35,"column":80}},"7":{"start":{"line":39,"column":4},"end":{"line":39,"column":41}},"8":{"start":{"line":43,"column":4},"end":{"line":43,"column":32}},"9":{"start":{"line":47,"column":4},"end":{"line":47,"column":33}},"10":{"start":{"line":51,"column":4},"end":{"line":55,"column":5}},"11":{"start":{"line":52,"column":6},"end":{"line":54,"column":7}},"12":{"start":{"line":53,"column":8},"end":{"line":53,"column":26}},"13":{"start":{"line":56,"column":4},"end":{"line":56,"column":21}},"14":{"start":{"line":66,"column":4},"end":{"line":77,"column":5}},"15":{"start":{"line":67,"column":23},"end":{"line":67,"column":91}},"16":{"start":{"line":67,"column":51},"end":{"line":67,"column":90}},"17":{"start":{"line":68,"column":6},"end":{"line":71,"column":7}},"18":{"start":{"line":69,"column":8},"end":{"line":69,"column":92}},"19":{"start":{"line":70,"column":8},"end":{"line":70,"column":29}},"20":{"start":{"line":73,"column":6},"end":{"line":76,"column":8}},"21":{"start":{"line":79,"column":17},"end":{"line":79,"column":41}},"22":{"start":{"line":80,"column":19},"end":{"line":80,"column":49}},"23":{"start":{"line":81,"column":24},"end":{"line":81,"column":56}},"24":{"start":{"line":83,"column":4},"end":{"line":92,"column":7}},"25":{"start":{"line":94,"column":4},"end":{"line":94,"column":61}},"26":{"start":{"line":95,"column":4},"end":{"line":95,"column":16}},"27":{"start":{"line":100,"column":4},"end":{"line":102,"column":5}},"28":{"start":{"line":101,"column":6},"end":{"line":101,"column":13}},"29":{"start":{"line":104,"column":20},"end":{"line":104,"column":50}},"30":{"start":{"line":105,"column":4},"end":{"line":108,"column":5}},"31":{"start":{"line":106,"column":6},"end":{"line":106,"column":31}},"32":{"start":{"line":107,"column":6},"end":{"line":107,"column":13}},"33":{"start":{"line":110,"column":17},"end":{"line":110,"column":41}},"34":{"start":{"line":111,"column":19},"end":{"line":111,"column":46}},"35":{"start":{"line":112,"column":24},"end":{"line":112,"column":53}},"36":{"start":{"line":114,"column":4},"end":{"line":123,"column":7}},"37":{"start":{"line":125,"column":4},"end":{"line":125,"column":61}},"38":{"start":{"line":130,"column":21},"end":{"line":130,"column":43}},"39":{"start":{"line":131,"column":4},"end":{"line":133,"column":5}},"40":{"start":{"line":132,"column":6},"end":{"line":132,"column":22}},"41":{"start":{"line":135,"column":17},"end":{"line":135,"column":41}},"42":{"start":{"line":136,"column":4},"end":{"line":145,"column":7}},"43":{"start":{"line":147,"column":4},"end":{"line":147,"column":59}},"44":{"start":{"line":148,"column":4},"end":{"line":148,"column":16}},"45":{"start":{"line":153,"column":18},"end":{"line":153,"column":39}},"46":{"start":{"line":154,"column":4},"end":{"line":156,"column":5}},"47":{"start":{"line":155,"column":6},"end":{"line":155,"column":13}},"48":{"start":{"line":158,"column":4},"end":{"line":162,"column":5}},"49":{"start":{"line":159,"column":6},"end":{"line":159,"column":83}},"50":{"start":{"line":160,"column":6},"end":{"line":160,"column":39}},"51":{"start":{"line":161,"column":6},"end":{"line":161,"column":13}},"52":{"start":{"line":164,"column":4},"end":{"line":164,"column":39}},"53":{"start":{"line":165,"column":4},"end":{"line":165,"column":43}},"54":{"start":{"line":170,"column":18},"end":{"line":170,"column":39}},"55":{"start":{"line":171,"column":4},"end":{"line":173,"column":5}},"56":{"start":{"line":172,"column":6},"end":{"line":172,"column":13}},"57":{"start":{"line":174,"column":4},"end":{"line":174,"column":44}},"58":{"start":{"line":179,"column":18},"end":{"line":179,"column":39}},"59":{"start":{"line":180,"column":4},"end":{"line":182,"column":5}},"60":{"start":{"line":181,"column":6},"end":{"line":181,"column":13}},"61":{"start":{"line":184,"column":4},"end":{"line":186,"column":7}},"62":{"start":{"line":185,"column":6},"end":{"line":185,"column":62}},"63":{"start":{"line":188,"column":4},"end":{"line":188,"column":79}},"64":{"start":{"line":189,"column":4},"end":{"line":189,"column":45}},"65":{"start":{"line":194,"column":18},"end":{"line":194,"column":39}},"66":{"start":{"line":195,"column":4},"end":{"line":197,"column":5}},"67":{"start":{"line":196,"column":6},"end":{"line":196,"column":13}},"68":{"start":{"line":198,"column":4},"end":{"line":198,"column":79}},"69":{"start":{"line":199,"column":4},"end":{"line":199,"column":46}},"70":{"start":{"line":209,"column":16},"end":{"line":209,"column":31}},"71":{"start":{"line":210,"column":4},"end":{"line":219,"column":5}},"72":{"start":{"line":211,"column":6},"end":{"line":213,"column":7}},"73":{"start":{"line":212,"column":8},"end":{"line":212,"column":17}},"74":{"start":{"line":214,"column":6},"end":{"line":218,"column":7}},"75":{"start":{"line":215,"column":8},"end":{"line":215,"column":86}},"76":{"start":{"line":216,"column":8},"end":{"line":216,"column":83}},"77":{"start":{"line":217,"column":8},"end":{"line":217,"column":56}},"78":{"start":{"line":223,"column":4},"end":{"line":223,"column":24}},"79":{"start":{"line":224,"column":4},"end":{"line":224,"column":30}},"80":{"start":{"line":230,"column":4},"end":{"line":234,"column":5}},"81":{"start":{"line":231,"column":6},"end":{"line":233,"column":7}},"82":{"start":{"line":232,"column":8},"end":{"line":232,"column":21}},"83":{"start":{"line":235,"column":4},"end":{"line":235,"column":21}},"84":{"start":{"line":240,"column":18},"end":{"line":240,"column":78}},"85":{"start":{"line":240,"column":46},"end":{"line":240,"column":77}},"86":{"start":{"line":241,"column":4},"end":{"line":243,"column":5}},"87":{"start":{"line":242,"column":6},"end":{"line":242,"column":19}},"88":{"start":{"line":245,"column":24},"end":{"line":247,"column":5}},"89":{"start":{"line":246,"column":17},"end":{"line":246,"column":80}},"90":{"start":{"line":249,"column":17},"end":{"line":249,"column":31}},"91":{"start":{"line":250,"column":4},"end":{"line":256,"column":5}},"92":{"start":{"line":251,"column":6},"end":{"line":254,"column":8}},"93":{"start":{"line":255,"column":6},"end":{"line":255,"column":18}},"94":{"start":{"line":258,"column":4},"end":{"line":263,"column":5}},"95":{"start":{"line":259,"column":6},"end":{"line":262,"column":8}},"96":{"start":{"line":265,"column":4},"end":{"line":265,"column":21}},"97":{"start":{"line":269,"column":29},"end":{"line":275,"column":5}},"98":{"start":{"line":276,"column":4},"end":{"line":276,"column":22}},"99":{"start":{"line":277,"column":4},"end":{"line":277,"column":61}},"100":{"start":{"line":279,"column":4},"end":{"line":282,"column":5}},"101":{"start":{"line":280,"column":6},"end":{"line":280,"column":41}},"102":{"start":{"line":281,"column":6},"end":{"line":281,"column":45}},"103":{"start":{"line":286,"column":4},"end":{"line":294,"column":5}},"104":{"start":{"line":287,"column":6},"end":{"line":291,"column":7}},"105":{"start":{"line":288,"column":8},"end":{"line":288,"column":22}},"106":{"start":{"line":290,"column":8},"end":{"line":290,"column":22}},"107":{"start":{"line":293,"column":6},"end":{"line":293,"column":58}},"108":{"start":{"line":298,"column":4},"end":{"line":298,"column":39}},"109":{"start":{"line":299,"column":4},"end":{"line":299,"column":51}}},"fnMap":{"0":{"name":"(anonymous_0)","decl":{"start":{"line":33,"column":2},"end":{"line":33,"column":3}},"loc":{"start":{"line":33,"column":44},"end":{"line":36,"column":3}},"line":33},"1":{"name":"(anonymous_1)","decl":{"start":{"line":38,"column":2},"end":{"line":38,"column":3}},"loc":{"start":{"line":38,"column":42},"end":{"line":40,"column":3}},"line":38},"2":{"name":"(anonymous_2)","decl":{"start":{"line":42,"column":2},"end":{"line":42,"column":3}},"loc":{"start":{"line":42,"column":29},"end":{"line":44,"column":3}},"line":42},"3":{"name":"(anonymous_3)","decl":{"start":{"line":46,"column":2},"end":{"line":46,"column":3}},"loc":{"start":{"line":46,"column":52},"end":{"line":48,"column":3}},"line":46},"4":{"name":"(anonymous_4)","decl":{"start":{"line":50,"column":2},"end":{"line":50,"column":3}},"loc":{"start":{"line":50,"column":46},"end":{"line":57,"column":3}},"line":50},"5":{"name":"(anonymous_5)","decl":{"start":{"line":65,"column":2},"end":{"line":65,"column":3}},"loc":{"start":{"line":65,"column":51},"end":{"line":96,"column":3}},"line":65},"6":{"name":"(anonymous_6)","decl":{"start":{"line":67,"column":40},"end":{"line":67,"column":41}},"loc":{"start":{"line":67,"column":51},"end":{"line":67,"column":90}},"line":67},"7":{"name":"(anonymous_7)","decl":{"start":{"line":99,"column":2},"end":{"line":99,"column":3}},"loc":{"start":{"line":99,"column":39},"end":{"line":126,"column":3}},"line":99},"8":{"name":"(anonymous_8)","decl":{"start":{"line":129,"column":2},"end":{"line":129,"column":3}},"loc":{"start":{"line":129,"column":78},"end":{"line":149,"column":3}},"line":129},"9":{"name":"(anonymous_9)","decl":{"start":{"line":152,"column":2},"end":{"line":152,"column":3}},"loc":{"start":{"line":152,"column":54},"end":{"line":166,"column":3}},"line":152},"10":{"name":"(anonymous_10)","decl":{"start":{"line":169,"column":2},"end":{"line":169,"column":3}},"loc":{"start":{"line":169,"column":38},"end":{"line":175,"column":3}},"line":169},"11":{"name":"(anonymous_11)","decl":{"start":{"line":178,"column":2},"end":{"line":178,"column":3}},"loc":{"start":{"line":178,"column":30},"end":{"line":190,"column":3}},"line":178},"12":{"name":"(anonymous_12)","decl":{"start":{"line":184,"column":36},"end":{"line":184,"column":37}},"loc":{"start":{"line":184,"column":56},"end":{"line":186,"column":5}},"line":184},"13":{"name":"(anonymous_13)","decl":{"start":{"line":193,"column":2},"end":{"line":193,"column":3}},"loc":{"start":{"line":193,"column":40},"end":{"line":200,"column":3}},"line":193},"14":{"name":"(anonymous_14)","decl":{"start":{"line":208,"column":2},"end":{"line":208,"column":3}},"loc":{"start":{"line":208,"column":15},"end":{"line":220,"column":3}},"line":208},"15":{"name":"(anonymous_15)","decl":{"start":{"line":222,"column":2},"end":{"line":222,"column":3}},"loc":{"start":{"line":222,"column":18},"end":{"line":225,"column":3}},"line":222},"16":{"name":"(anonymous_16)","decl":{"start":{"line":229,"column":2},"end":{"line":229,"column":3}},"loc":{"start":{"line":229,"column":87},"end":{"line":236,"column":3}},"line":229},"17":{"name":"(anonymous_17)","decl":{"start":{"line":239,"column":2},"end":{"line":239,"column":3}},"loc":{"start":{"line":239,"column":66},"end":{"line":266,"column":3}},"line":239},"18":{"name":"(anonymous_18)","decl":{"start":{"line":240,"column":35},"end":{"line":240,"column":36}},"loc":{"start":{"line":240,"column":46},"end":{"line":240,"column":77}},"line":240},"19":{"name":"(anonymous_19)","decl":{"start":{"line":246,"column":6},"end":{"line":246,"column":7}},"loc":{"start":{"line":246,"column":17},"end":{"line":246,"column":80}},"line":246},"20":{"name":"(anonymous_20)","decl":{"start":{"line":268,"column":2},"end":{"line":268,"column":3}},"loc":{"start":{"line":268,"column":51},"end":{"line":283,"column":3}},"line":268},"21":{"name":"(anonymous_21)","decl":{"start":{"line":285,"column":2},"end":{"line":285,"column":3}},"loc":{"start":{"line":285,"column":58},"end":{"line":295,"column":3}},"line":285},"22":{"name":"(anonymous_22)","decl":{"start":{"line":297,"column":2},"end":{"line":297,"column":3}},"loc":{"start":{"line":297,"column":40},"end":{"line":300,"column":3}},"line":297}},"branchMap":{"0":{"loc":{"start":{"line":35,"column":27},"end":{"line":35,"column":79}},"type":"binary-expr","locations":[{"start":{"line":35,"column":27},"end":{"line":35,"column":50}},{"start":{"line":35,"column":54},"end":{"line":35,"column":79}}],"line":35},"1":{"loc":{"start":{"line":52,"column":6},"end":{"line":54,"column":7}},"type":"if","locations":[{"start":{"line":52,"column":6},"end":{"line":54,"column":7}},{"start":{},"end":{}}],"line":52},"2":{"loc":{"start":{"line":66,"column":4},"end":{"line":77,"column":5}},"type":"if","locations":[{"start":{"line":66,"column":4},"end":{"line":77,"column":5}},{"start":{"line":72,"column":11},"end":{"line":77,"column":5}}],"line":66},"3":{"loc":{"start":{"line":68,"column":6},"end":{"line":71,"column":7}},"type":"if","locations":[{"start":{"line":68,"column":6},"end":{"line":71,"column":7}},{"start":{},"end":{}}],"line":68},"4":{"loc":{"start":{"line":80,"column":19},"end":{"line":80,"column":49}},"type":"binary-expr","locations":[{"start":{"line":80,"column":19},"end":{"line":80,"column":31}},{"start":{"line":80,"column":35},"end":{"line":80,"column":49}}],"line":80},"5":{"loc":{"start":{"line":81,"column":24},"end":{"line":81,"column":56}},"type":"binary-expr","locations":[{"start":{"line":81,"column":24},"end":{"line":81,"column":40}},{"start":{"line":81,"column":44},"end":{"line":81,"column":56}}],"line":81},"6":{"loc":{"start":{"line":86,"column":22},"end":{"line":86,"column":44}},"type":"binary-expr","locations":[{"start":{"line":86,"column":22},"end":{"line":86,"column":36}},{"start":{"line":86,"column":40},"end":{"line":86,"column":44}}],"line":86},"7":{"loc":{"start":{"line":100,"column":4},"end":{"line":102,"column":5}},"type":"if","locations":[{"start":{"line":100,"column":4},"end":{"line":102,"column":5}},{"start":{},"end":{}}],"line":100},"8":{"loc":{"start":{"line":105,"column":4},"end":{"line":108,"column":5}},"type":"if","locations":[{"start":{"line":105,"column":4},"end":{"line":108,"column":5}},{"start":{},"end":{}}],"line":105},"9":{"loc":{"start":{"line":111,"column":19},"end":{"line":111,"column":46}},"type":"binary-expr","locations":[{"start":{"line":111,"column":19},"end":{"line":111,"column":28}},{"start":{"line":111,"column":32},"end":{"line":111,"column":46}}],"line":111},"10":{"loc":{"start":{"line":112,"column":24},"end":{"line":112,"column":53}},"type":"binary-expr","locations":[{"start":{"line":112,"column":24},"end":{"line":112,"column":37}},{"start":{"line":112,"column":41},"end":{"line":112,"column":53}}],"line":112},"11":{"loc":{"start":{"line":131,"column":4},"end":{"line":133,"column":5}},"type":"if","locations":[{"start":{"line":131,"column":4},"end":{"line":133,"column":5}},{"start":{},"end":{}}],"line":131},"12":{"loc":{"start":{"line":154,"column":4},"end":{"line":156,"column":5}},"type":"if","locations":[{"start":{"line":154,"column":4},"end":{"line":156,"column":5}},{"start":{},"end":{}}],"line":154},"13":{"loc":{"start":{"line":154,"column":8},"end":{"line":154,"column":41}},"type":"binary-expr","locations":[{"start":{"line":154,"column":8},"end":{"line":154,"column":14}},{"start":{"line":154,"column":18},"end":{"line":154,"column":41}}],"line":154},"14":{"loc":{"start":{"line":158,"column":4},"end":{"line":162,"column":5}},"type":"if","locations":[{"start":{"line":158,"column":4},"end":{"line":162,"column":5}},{"start":{},"end":{}}],"line":158},"15":{"loc":{"start":{"line":158,"column":8},"end":{"line":158,"column":53}},"type":"binary-expr","locations":[{"start":{"line":158,"column":8},"end":{"line":158,"column":38}},{"start":{"line":158,"column":42},"end":{"line":158,"column":53}}],"line":158},"16":{"loc":{"start":{"line":171,"column":4},"end":{"line":173,"column":5}},"type":"if","locations":[{"start":{"line":171,"column":4},"end":{"line":173,"column":5}},{"start":{},"end":{}}],"line":171},"17":{"loc":{"start":{"line":171,"column":8},"end":{"line":171,"column":41}},"type":"binary-expr","locations":[{"start":{"line":171,"column":8},"end":{"line":171,"column":14}},{"start":{"line":171,"column":18},"end":{"line":171,"column":41}}],"line":171},"18":{"loc":{"start":{"line":180,"column":4},"end":{"line":182,"column":5}},"type":"if","locations":[{"start":{"line":180,"column":4},"end":{"line":182,"column":5}},{"start":{},"end":{}}],"line":180},"19":{"loc":{"start":{"line":180,"column":8},"end":{"line":180,"column":41}},"type":"binary-expr","locations":[{"start":{"line":180,"column":8},"end":{"line":180,"column":14}},{"start":{"line":180,"column":18},"end":{"line":180,"column":41}}],"line":180},"20":{"loc":{"start":{"line":195,"column":4},"end":{"line":197,"column":5}},"type":"if","locations":[{"start":{"line":195,"column":4},"end":{"line":197,"column":5}},{"start":{},"end":{}}],"line":195},"21":{"loc":{"start":{"line":195,"column":8},"end":{"line":195,"column":41}},"type":"binary-expr","locations":[{"start":{"line":195,"column":8},"end":{"line":195,"column":14}},{"start":{"line":195,"column":18},"end":{"line":195,"column":41}}],"line":195},"22":{"loc":{"start":{"line":211,"column":6},"end":{"line":213,"column":7}},"type":"if","locations":[{"start":{"line":211,"column":6},"end":{"line":213,"column":7}},{"start":{},"end":{}}],"line":211},"23":{"loc":{"start":{"line":211,"column":10},"end":{"line":211,"column":71}},"type":"binary-expr","locations":[{"start":{"line":211,"column":10},"end":{"line":211,"column":40}},{"start":{"line":211,"column":44},"end":{"line":211,"column":71}}],"line":211},"24":{"loc":{"start":{"line":214,"column":6},"end":{"line":218,"column":7}},"type":"if","locations":[{"start":{"line":214,"column":6},"end":{"line":218,"column":7}},{"start":{},"end":{}}],"line":214},"25":{"loc":{"start":{"line":231,"column":6},"end":{"line":233,"column":7}},"type":"if","locations":[{"start":{"line":231,"column":6},"end":{"line":233,"column":7}},{"start":{},"end":{}}],"line":231},"26":{"loc":{"start":{"line":231,"column":10},"end":{"line":231,"column":60}},"type":"binary-expr","locations":[{"start":{"line":231,"column":10},"end":{"line":231,"column":40}},{"start":{"line":231,"column":44},"end":{"line":231,"column":60}}],"line":231},"27":{"loc":{"start":{"line":241,"column":4},"end":{"line":243,"column":5}},"type":"if","locations":[{"start":{"line":241,"column":4},"end":{"line":243,"column":5}},{"start":{},"end":{}}],"line":241},"28":{"loc":{"start":{"line":246,"column":17},"end":{"line":246,"column":80}},"type":"binary-expr","locations":[{"start":{"line":246,"column":17},"end":{"line":246,"column":47}},{"start":{"line":246,"column":51},"end":{"line":246,"column":80}}],"line":246},"29":{"loc":{"start":{"line":250,"column":4},"end":{"line":256,"column":5}},"type":"if","locations":[{"start":{"line":250,"column":4},"end":{"line":256,"column":5}},{"start":{},"end":{}}],"line":250},"30":{"loc":{"start":{"line":250,"column":8},"end":{"line":250,"column":40}},"type":"binary-expr","locations":[{"start":{"line":250,"column":8},"end":{"line":250,"column":32}},{"start":{"line":250,"column":36},"end":{"line":250,"column":40}}],"line":250},"31":{"loc":{"start":{"line":258,"column":4},"end":{"line":263,"column":5}},"type":"if","locations":[{"start":{"line":258,"column":4},"end":{"line":263,"column":5}},{"start":{},"end":{}}],"line":258},"32":{"loc":{"start":{"line":279,"column":4},"end":{"line":282,"column":5}},"type":"if","locations":[{"start":{"line":279,"column":4},"end":{"line":282,"column":5}},{"start":{},"end":{}}],"line":279},"33":{"loc":{"start":{"line":287,"column":6},"end":{"line":291,"column":7}},"type":"if","locations":[{"start":{"line":287,"column":6},"end":{"line":291,"column":7}},{"start":{"line":289,"column":13},"end":{"line":291,"column":7}}],"line":287}},"s":{"0":4,"1":4,"2":4,"3":57,"4":57,"5":57,"6":57,"7":2,"8":16,"9":19,"10":74,"11":65,"12":22,"13":52,"14":39,"15":36,"16":1,"17":36,"18":1,"19":1,"20":3,"21":38,"22":38,"23":38,"24":38,"25":38,"26":38,"27":29,"28":1,"29":28,"30":28,"31":24,"32":24,"33":4,"34":4,"35":4,"36":4,"37":4,"38":8,"39":8,"40":0,"41":8,"42":8,"43":8,"44":8,"45":16,"46":16,"47":2,"48":14,"49":7,"50":7,"51":7,"52":7,"53":7,"54":2,"55":2,"56":0,"57":2,"58":3,"59":3,"60":0,"61":3,"62":0,"63":3,"64":3,"65":4,"66":4,"67":1,"68":3,"69":3,"70":15,"71":15,"72":15,"73":3,"74":12,"75":4,"76":4,"77":4,"78":33,"79":33,"80":64,"81":28,"82":24,"83":40,"84":28,"85":27,"86":28,"87":23,"88":5,"89":4,"90":5,"91":5,"92":1,"93":1,"94":4,"95":1,"96":4,"97":24,"98":24,"99":24,"100":24,"101":5,"102":5,"103":12,"104":12,"105":9,"106":3,"107":0,"108":103,"109":103},"f":{"0":57,"1":2,"2":16,"3":19,"4":74,"5":39,"6":1,"7":29,"8":8,"9":16,"10":2,"11":3,"12":0,"13":4,"14":15,"15":33,"16":64,"17":28,"18":27,"19":4,"20":24,"21":12,"22":103},"b":{"0":[57,49],"1":[22,43],"2":[36,3],"3":[1,35],"4":[38,35],"5":[38,36],"6":[38,3],"7":[1,28],"8":[24,4],"9":[4,4],"10":[4,4],"11":[0,8],"12":[2,14],"13":[16,14],"14":[7,7],"15":[14,7],"16":[0,2],"17":[2,2],"18":[0,3],"19":[3,3],"20":[1,3],"21":[4,4],"22":[3,12],"23":[15,12],"24":[4,8],"25":[24,4],"26":[28,28],"27":[23,5],"28":[4,4],"29":[1,4],"30":[5,1],"31":[1,3],"32":[5,19],"33":[9,3]},"_coverageSchema":"1a1c01bbd47fc00a2c39e90264f33305004495a9","hash":"ffcad0d4ce09d4a5620e9014eb92451dc73c6318"}
,"/home/luca/sw-rn-client/signalwire-react-native/packages/react-native/src/callkit/lazy.ts": {"path":"/home/luca/sw-rn-client/signalwire-react-native/packages/react-native/src/callkit/lazy.ts","statementMap":{"0":{"start":{"line":11,"column":17},"end":{"line":11,"column":80}},"1":{"start":{"line":12,"column":2},"end":{"line":12,"column":29}}},"fnMap":{"0":{"name":"loadCallKit","decl":{"start":{"line":9,"column":16},"end":{"line":9,"column":27}},"loc":{"start":{"line":9,"column":46},"end":{"line":13,"column":1}},"line":9}},"branchMap":{},"s":{"0":3,"1":3},"f":{"0":3},"b":{},"_coverageSchema":"1a1c01bbd47fc00a2c39e90264f33305004495a9","hash":"92d95c0fb6adbc9e296ffaddfa5706ba6c40f701"}
,"/home/luca/sw-rn-client/signalwire-react-native/packages/react-native/src/callkit/types.ts": {"path":"/home/luca/sw-rn-client/signalwire-react-native/packages/react-native/src/callkit/types.ts","statementMap":{},"fnMap":{},"branchMap":{},"s":{},"f":{},"b":{}}
,"/home/luca/sw-rn-client/signalwire-react-native/packages/react-native/src/components/SignalWireVideoView.tsx": {"path":"/home/luca/sw-rn-client/signalwire-react-native/packages/react-native/src/components/SignalWireVideoView.tsx","statementMap":{"0":{"start":{"line":42,"column":40},"end":{"line":42,"column":53}},"1":{"start":{"line":43,"column":17},"end":{"line":43,"column":93}},"2":{"start":{"line":44,"column":20},"end":{"line":44,"column":43}},"3":{"start":{"line":46,"column":2},"end":{"line":48,"column":3}},"4":{"start":{"line":47,"column":4},"end":{"line":47,"column":16}},"5":{"start":{"line":50,"column":2},"end":{"line":59,"column":4}}},"fnMap":{"0":{"name":"SignalWireVideoView","decl":{"start":{"line":34,"column":16},"end":{"line":34,"column":35}},"loc":{"start":{"line":41,"column":55},"end":{"line":60,"column":1}},"line":41}},"branchMap":{"0":{"loc":{"start":{"line":37,"column":2},"end":{"line":37,"column":21}},"type":"default-arg","locations":[{"start":{"line":37,"column":14},"end":{"line":37,"column":21}}],"line":37},"1":{"loc":{"start":{"line":43,"column":18},"end":{"line":43,"column":63}},"type":"cond-expr","locations":[{"start":{"line":43,"column":37},"end":{"line":43,"column":48}},{"start":{"line":43,"column":51},"end":{"line":43,"column":63}}],"line":43},"2":{"loc":{"start":{"line":44,"column":20},"end":{"line":44,"column":43}},"type":"binary-expr","locations":[{"start":{"line":44,"column":20},"end":{"line":44,"column":35}},{"start":{"line":44,"column":39},"end":{"line":44,"column":43}}],"line":44},"3":{"loc":{"start":{"line":46,"column":2},"end":{"line":48,"column":3}},"type":"if","locations":[{"start":{"line":46,"column":2},"end":{"line":48,"column":3}},{"start":{},"end":{}}],"line":46},"4":{"loc":{"start":{"line":55,"column":14},"end":{"line":55,"column":40}},"type":"binary-expr","locations":[{"start":{"line":55,"column":14},"end":{"line":55,"column":20}},{"start":{"line":55,"column":24},"end":{"line":55,"column":40}}],"line":55}},"s":{"0":10,"1":10,"2":10,"3":10,"4":2,"5":8},"f":{"0":10},"b":{"0":[9],"1":[3,7],"2":[10,2],"3":[2,8],"4":[8,7]},"_coverageSchema":"1a1c01bbd47fc00a2c39e90264f33305004495a9","hash":"ae1c78456f23d6ff89f81ed7ae802ee4bd9fd1f1"}
,"/home/luca/sw-rn-client/signalwire-react-native/packages/react-native/src/platform/assertPolyfills.ts": {"path":"/home/luca/sw-rn-client/signalwire-react-native/packages/react-native/src/platform/assertPolyfills.ts","statementMap":{"0":{"start":{"line":3,"column":24},"end":{"line":3,"column":60}},"1":{"start":{"line":6,"column":20},"end":{"line":6,"column":85}},"2":{"start":{"line":7,"column":2},"end":{"line":7,"column":58}},"3":{"start":{"line":16,"column":2},"end":{"line":21,"column":3}},"4":{"start":{"line":17,"column":16},"end":{"line":17,"column":65}},"5":{"start":{"line":18,"column":4},"end":{"line":18,"column":43}},"6":{"start":{"line":20,"column":4},"end":{"line":20,"column":17}},"7":{"start":{"line":26,"column":2},"end":{"line":28,"column":3}},"8":{"start":{"line":27,"column":4},"end":{"line":27,"column":57}}},"fnMap":{"0":{"name":"hasRandomValues","decl":{"start":{"line":5,"column":9},"end":{"line":5,"column":24}},"loc":{"start":{"line":5,"column":36},"end":{"line":8,"column":1}},"line":5},"1":{"name":"parsesCustomScheme","decl":{"start":{"line":15,"column":9},"end":{"line":15,"column":27}},"loc":{"start":{"line":15,"column":39},"end":{"line":22,"column":1}},"line":15},"2":{"name":"assertPolyfillsInstalled","decl":{"start":{"line":25,"column":16},"end":{"line":25,"column":40}},"loc":{"start":{"line":25,"column":49},"end":{"line":29,"column":1}},"line":25}},"branchMap":{"0":{"loc":{"start":{"line":26,"column":2},"end":{"line":28,"column":3}},"type":"if","locations":[{"start":{"line":26,"column":2},"end":{"line":28,"column":3}},{"start":{},"end":{}}],"line":26},"1":{"loc":{"start":{"line":26,"column":6},"end":{"line":26,"column":49}},"type":"binary-expr","locations":[{"start":{"line":26,"column":6},"end":{"line":26,"column":24}},{"start":{"line":26,"column":28},"end":{"line":26,"column":49}}],"line":26}},"s":{"0":6,"1":13,"2":13,"3":12,"4":12,"5":11,"6":1,"7":13,"8":3},"f":{"0":13,"1":12,"2":13},"b":{"0":[3,10],"1":[13,12]},"_coverageSchema":"1a1c01bbd47fc00a2c39e90264f33305004495a9","hash":"626aaf948f66d587f24fc3931c9c14da6163d084"}
,"/home/luca/sw-rn-client/signalwire-react-native/packages/react-native/src/platform/baseGlobals.ts": {"path":"/home/luca/sw-rn-client/signalwire-react-native/packages/react-native/src/platform/baseGlobals.ts","statementMap":{"0":{"start":{"line":34,"column":20},"end":{"line":34,"column":52}},"1":{"start":{"line":36,"column":2},"end":{"line":40,"column":4}},"2":{"start":{"line":37,"column":16},"end":{"line":37,"column":58}},"3":{"start":{"line":38,"column":4},"end":{"line":38,"column":22}},"4":{"start":{"line":39,"column":4},"end":{"line":39,"column":29}},"5":{"start":{"line":42,"column":2},"end":{"line":44,"column":4}},"6":{"start":{"line":43,"column":4},"end":{"line":43,"column":42}},"7":{"start":{"line":46,"column":2},"end":{"line":51,"column":4}},"8":{"start":{"line":47,"column":4},"end":{"line":49,"column":5}},"9":{"start":{"line":48,"column":6},"end":{"line":48,"column":22}},"10":{"start":{"line":50,"column":4},"end":{"line":50,"column":16}},"11":{"start":{"line":59,"column":15},"end":{"line":63,"column":3}},"12":{"start":{"line":65,"column":2},"end":{"line":76,"column":3}},"13":{"start":{"line":71,"column":8},"end":{"line":71,"column":25}},"14":{"start":{"line":72,"column":8},"end":{"line":72,"column":38}},"15":{"start":{"line":75,"column":4},"end":{"line":75,"column":39}},"16":{"start":{"line":78,"column":2},"end":{"line":78,"column":21}},"17":{"start":{"line":79,"column":2},"end":{"line":79,"column":34}},"18":{"start":{"line":81,"column":2},"end":{"line":81,"column":23}},"19":{"start":{"line":82,"column":2},"end":{"line":82,"column":36}}},"fnMap":{"0":{"name":"installEventTarget","decl":{"start":{"line":33,"column":9},"end":{"line":33,"column":27}},"loc":{"start":{"line":33,"column":58},"end":{"line":52,"column":1}},"line":33},"1":{"name":"(anonymous_1)","decl":{"start":{"line":36,"column":30},"end":{"line":36,"column":31}},"loc":{"start":{"line":36,"column":74},"end":{"line":40,"column":3}},"line":36},"2":{"name":"(anonymous_2)","decl":{"start":{"line":42,"column":33},"end":{"line":42,"column":34}},"loc":{"start":{"line":42,"column":77},"end":{"line":44,"column":3}},"line":42},"3":{"name":"(anonymous_3)","decl":{"start":{"line":46,"column":27},"end":{"line":46,"column":28}},"loc":{"start":{"line":46,"column":61},"end":{"line":51,"column":3}},"line":46},"4":{"name":"installBaseGlobals","decl":{"start":{"line":58,"column":16},"end":{"line":58,"column":34}},"loc":{"start":{"line":58,"column":43},"end":{"line":83,"column":1}},"line":58},"5":{"name":"(anonymous_5)","decl":{"start":{"line":70,"column":6},"end":{"line":70,"column":7}},"loc":{"start":{"line":70,"column":58},"end":{"line":73,"column":7}},"line":70}},"branchMap":{"0":{"loc":{"start":{"line":37,"column":16},"end":{"line":37,"column":58}},"type":"binary-expr","locations":[{"start":{"line":37,"column":16},"end":{"line":37,"column":35}},{"start":{"line":37,"column":39},"end":{"line":37,"column":58}}],"line":37},"1":{"loc":{"start":{"line":47,"column":27},"end":{"line":47,"column":58}},"type":"binary-expr","locations":[{"start":{"line":47,"column":27},"end":{"line":47,"column":52}},{"start":{"line":47,"column":56},"end":{"line":47,"column":58}}],"line":47},"2":{"loc":{"start":{"line":65,"column":2},"end":{"line":76,"column":3}},"type":"if","locations":[{"start":{"line":65,"column":2},"end":{"line":76,"column":3}},{"start":{},"end":{}}],"line":65}},"s":{"0":90,"1":90,"2":7,"3":7,"4":7,"5":90,"6":0,"7":90,"8":16,"9":1,"10":16,"11":45,"12":45,"13":1,"14":1,"15":2,"16":45,"17":45,"18":45,"19":45},"f":{"0":90,"1":7,"2":0,"3":16,"4":45,"5":1},"b":{"0":[7,4],"1":[16,15],"2":[2,43]},"_coverageSchema":"1a1c01bbd47fc00a2c39e90264f33305004495a9","hash":"10b06537df5e874dd36f72d7fd507410d237a695"}
,"/home/luca/sw-rn-client/signalwire-react-native/packages/react-native/src/platform/createReactNativePlatform.ts": {"path":"/home/luca/sw-rn-client/signalwire-react-native/packages/react-native/src/platform/createReactNativePlatform.ts","statementMap":{"0":{"start":{"line":31,"column":2},"end":{"line":36,"column":3}},"1":{"start":{"line":32,"column":4},"end":{"line":32,"column":21}},"2":{"start":{"line":34,"column":4},"end":{"line":34,"column":83}},"3":{"start":{"line":35,"column":4},"end":{"line":35,"column":16}},"4":{"start":{"line":51,"column":2},"end":{"line":51,"column":29}},"5":{"start":{"line":53,"column":46},"end":{"line":53,"column":53}},"6":{"start":{"line":54,"column":39},"end":{"line":54,"column":41}},"7":{"start":{"line":56,"column":2},"end":{"line":61,"column":3}},"8":{"start":{"line":57,"column":17},"end":{"line":57,"column":74}},"9":{"start":{"line":58,"column":4},"end":{"line":60,"column":5}},"10":{"start":{"line":59,"column":6},"end":{"line":59,"column":27}},"11":{"start":{"line":63,"column":2},"end":{"line":68,"column":3}},"12":{"start":{"line":64,"column":17},"end":{"line":64,"column":78}},"13":{"start":{"line":65,"column":4},"end":{"line":67,"column":5}},"14":{"start":{"line":66,"column":6},"end":{"line":66,"column":27}},"15":{"start":{"line":70,"column":17},"end":{"line":70,"column":22}},"16":{"start":{"line":72,"column":2},"end":{"line":91,"column":4}},"17":{"start":{"line":79,"column":6},"end":{"line":81,"column":7}},"18":{"start":{"line":80,"column":8},"end":{"line":80,"column":15}},"19":{"start":{"line":82,"column":6},"end":{"line":82,"column":22}},"20":{"start":{"line":83,"column":6},"end":{"line":89,"column":7}},"21":{"start":{"line":84,"column":8},"end":{"line":88,"column":9}},"22":{"start":{"line":85,"column":10},"end":{"line":85,"column":21}},"23":{"start":{"line":87,"column":10},"end":{"line":87,"column":57}}},"fnMap":{"0":{"name":"installOptional","decl":{"start":{"line":30,"column":9},"end":{"line":30,"column":24}},"loc":{"start":{"line":30,"column":87},"end":{"line":37,"column":1}},"line":30},"1":{"name":"createReactNativePlatform","decl":{"start":{"line":48,"column":16},"end":{"line":48,"column":41}},"loc":{"start":{"line":50,"column":23},"end":{"line":92,"column":1}},"line":50},"2":{"name":"(anonymous_2)","decl":{"start":{"line":78,"column":13},"end":{"line":78,"column":14}},"loc":{"start":{"line":78,"column":25},"end":{"line":90,"column":5}},"line":78}},"branchMap":{"0":{"loc":{"start":{"line":49,"column":2},"end":{"line":49,"column":42}},"type":"default-arg","locations":[{"start":{"line":49,"column":40},"end":{"line":49,"column":42}}],"line":49},"1":{"loc":{"start":{"line":53,"column":10},"end":{"line":53,"column":24}},"type":"default-arg","locations":[{"start":{"line":53,"column":20},"end":{"line":53,"column":24}}],"line":53},"2":{"loc":{"start":{"line":53,"column":26},"end":{"line":53,"column":41}},"type":"default-arg","locations":[{"start":{"line":53,"column":37},"end":{"line":53,"column":41}}],"line":53},"3":{"loc":{"start":{"line":56,"column":2},"end":{"line":61,"column":3}},"type":"if","locations":[{"start":{"line":56,"column":2},"end":{"line":61,"column":3}},{"start":{},"end":{}}],"line":56},"4":{"loc":{"start":{"line":58,"column":4},"end":{"line":60,"column":5}},"type":"if","locations":[{"start":{"line":58,"column":4},"end":{"line":60,"column":5}},{"start":{},"end":{}}],"line":58},"5":{"loc":{"start":{"line":63,"column":2},"end":{"line":68,"column":3}},"type":"if","locations":[{"start":{"line":63,"column":2},"end":{"line":68,"column":3}},{"start":{},"end":{}}],"line":63},"6":{"loc":{"start":{"line":65,"column":4},"end":{"line":67,"column":5}},"type":"if","locations":[{"start":{"line":65,"column":4},"end":{"line":67,"column":5}},{"start":{},"end":{}}],"line":65},"7":{"loc":{"start":{"line":74,"column":25},"end":{"line":74,"column":79}},"type":"binary-expr","locations":[{"start":{"line":74,"column":25},"end":{"line":74,"column":50}},{"start":{"line":74,"column":54},"end":{"line":74,"column":79}}],"line":74},"8":{"loc":{"start":{"line":75,"column":29},"end":{"line":75,"column":84}},"type":"binary-expr","locations":[{"start":{"line":75,"column":29},"end":{"line":75,"column":44}},{"start":{"line":75,"column":48},"end":{"line":75,"column":84}}],"line":75},"9":{"loc":{"start":{"line":79,"column":6},"end":{"line":81,"column":7}},"type":"if","locations":[{"start":{"line":79,"column":6},"end":{"line":81,"column":7}},{"start":{},"end":{}}],"line":79}},"s":{"0":16,"1":16,"2":1,"3":1,"4":9,"5":9,"6":9,"7":9,"8":8,"9":8,"10":7,"11":9,"12":8,"13":8,"14":8,"15":9,"16":9,"17":10,"18":1,"19":9,"20":9,"21":15,"22":15,"23":0},"f":{"0":16,"1":9,"2":10},"b":{"0":[6],"1":[8],"2":[8],"3":[8,1],"4":[7,1],"5":[8,1],"6":[8,0],"7":[9,8],"8":[9,8],"9":[1,9]},"_coverageSchema":"1a1c01bbd47fc00a2c39e90264f33305004495a9","hash":"c1a5e0c24dfa53555607e94dbb2cf3ce43dad07f"}
,"/home/luca/sw-rn-client/signalwire-react-native/packages/react-native/src/platform/networkShim.ts": {"path":"/home/luca/sw-rn-client/signalwire-react-native/packages/react-native/src/platform/networkShim.ts","statementMap":{"0":{"start":{"line":14,"column":37},"end":{"line":14,"column":41}},"1":{"start":{"line":27,"column":2},"end":{"line":29,"column":3}},"2":{"start":{"line":28,"column":4},"end":{"line":28,"column":21}},"3":{"start":{"line":31,"column":2},"end":{"line":36,"column":4}},"4":{"start":{"line":38,"column":2},"end":{"line":38,"column":23}},"5":{"start":{"line":40,"column":15},"end":{"line":43,"column":3}},"6":{"start":{"line":45,"column":2},"end":{"line":45,"column":24}},"7":{"start":{"line":47,"column":20},"end":{"line":47,"column":52}},"8":{"start":{"line":48,"column":22},"end":{"line":48,"column":50}},"9":{"start":{"line":49,"column":25},"end":{"line":49,"column":56}},"10":{"start":{"line":51,"column":2},"end":{"line":56,"column":4}},"11":{"start":{"line":52,"column":16},"end":{"line":52,"column":58}},"12":{"start":{"line":53,"column":4},"end":{"line":53,"column":22}},"13":{"start":{"line":54,"column":4},"end":{"line":54,"column":29}},"14":{"start":{"line":55,"column":4},"end":{"line":55,"column":51}},"15":{"start":{"line":58,"column":2},"end":{"line":61,"column":4}},"16":{"start":{"line":59,"column":4},"end":{"line":59,"column":42}},"17":{"start":{"line":60,"column":4},"end":{"line":60,"column":54}},"18":{"start":{"line":63,"column":19},"end":{"line":71,"column":3}},"19":{"start":{"line":64,"column":4},"end":{"line":70,"column":5}},"20":{"start":{"line":65,"column":6},"end":{"line":69,"column":7}},"21":{"start":{"line":66,"column":8},"end":{"line":66,"column":19}},"22":{"start":{"line":68,"column":8},"end":{"line":68,"column":73}},"23":{"start":{"line":73,"column":15},"end":{"line":73,"column":44}},"24":{"start":{"line":74,"column":2},"end":{"line":74,"column":33}},"25":{"start":{"line":76,"column":22},"end":{"line":85,"column":4}},"26":{"start":{"line":77,"column":17},"end":{"line":77,"column":43}},"27":{"start":{"line":78,"column":4},"end":{"line":80,"column":5}},"28":{"start":{"line":79,"column":6},"end":{"line":79,"column":13}},"29":{"start":{"line":81,"column":4},"end":{"line":81,"column":18}},"30":{"start":{"line":82,"column":4},"end":{"line":82,"column":34}},"31":{"start":{"line":83,"column":4},"end":{"line":83,"column":65}},"32":{"start":{"line":84,"column":4},"end":{"line":84,"column":42}},"33":{"start":{"line":87,"column":2},"end":{"line":93,"column":4}},"34":{"start":{"line":88,"column":4},"end":{"line":88,"column":18}},"35":{"start":{"line":89,"column":4},"end":{"line":89,"column":22}},"36":{"start":{"line":90,"column":4},"end":{"line":90,"column":47}},"37":{"start":{"line":91,"column":4},"end":{"line":91,"column":53}},"38":{"start":{"line":92,"column":4},"end":{"line":92,"column":21}},"39":{"start":{"line":95,"column":2},"end":{"line":95,"column":19}}},"fnMap":{"0":{"name":"installNetworkShim","decl":{"start":{"line":26,"column":16},"end":{"line":26,"column":34}},"loc":{"start":{"line":26,"column":49},"end":{"line":96,"column":1}},"line":26},"1":{"name":"(anonymous_1)","decl":{"start":{"line":51,"column":33},"end":{"line":51,"column":34}},"loc":{"start":{"line":51,"column":77},"end":{"line":56,"column":3}},"line":51},"2":{"name":"(anonymous_2)","decl":{"start":{"line":58,"column":36},"end":{"line":58,"column":37}},"loc":{"start":{"line":58,"column":80},"end":{"line":61,"column":3}},"line":58},"3":{"name":"(anonymous_3)","decl":{"start":{"line":63,"column":19},"end":{"line":63,"column":20}},"loc":{"start":{"line":63,"column":43},"end":{"line":71,"column":3}},"line":63},"4":{"name":"(anonymous_4)","decl":{"start":{"line":76,"column":47},"end":{"line":76,"column":48}},"loc":{"start":{"line":76,"column":58},"end":{"line":85,"column":3}},"line":76},"5":{"name":"(anonymous_5)","decl":{"start":{"line":87,"column":14},"end":{"line":87,"column":15}},"loc":{"start":{"line":87,"column":26},"end":{"line":93,"column":3}},"line":87}},"branchMap":{"0":{"loc":{"start":{"line":27,"column":2},"end":{"line":29,"column":3}},"type":"if","locations":[{"start":{"line":27,"column":2},"end":{"line":29,"column":3}},{"start":{},"end":{}}],"line":27},"1":{"loc":{"start":{"line":52,"column":16},"end":{"line":52,"column":58}},"type":"binary-expr","locations":[{"start":{"line":52,"column":16},"end":{"line":52,"column":35}},{"start":{"line":52,"column":39},"end":{"line":52,"column":58}}],"line":52},"2":{"loc":{"start":{"line":64,"column":27},"end":{"line":64,"column":52}},"type":"binary-expr","locations":[{"start":{"line":64,"column":27},"end":{"line":64,"column":46}},{"start":{"line":64,"column":50},"end":{"line":64,"column":52}}],"line":64},"3":{"loc":{"start":{"line":73,"column":15},"end":{"line":73,"column":44}},"type":"binary-expr","locations":[{"start":{"line":73,"column":15},"end":{"line":73,"column":36}},{"start":{"line":73,"column":40},"end":{"line":73,"column":44}}],"line":73},"4":{"loc":{"start":{"line":78,"column":4},"end":{"line":80,"column":5}},"type":"if","locations":[{"start":{"line":78,"column":4},"end":{"line":80,"column":5}},{"start":{},"end":{}}],"line":78},"5":{"loc":{"start":{"line":83,"column":34},"end":{"line":83,"column":61}},"type":"cond-expr","locations":[{"start":{"line":83,"column":41},"end":{"line":83,"column":49}},{"start":{"line":83,"column":52},"end":{"line":83,"column":61}}],"line":83},"6":{"loc":{"start":{"line":84,"column":13},"end":{"line":84,"column":40}},"type":"cond-expr","locations":[{"start":{"line":84,"column":20},"end":{"line":84,"column":28}},{"start":{"line":84,"column":31},"end":{"line":84,"column":40}}],"line":84}},"s":{"0":6,"1":8,"2":1,"3":7,"4":7,"5":7,"6":7,"7":7,"8":7,"9":7,"10":7,"11":4,"12":4,"13":4,"14":4,"15":7,"16":0,"17":0,"18":7,"19":5,"20":4,"21":4,"22":0,"23":7,"24":7,"25":7,"26":7,"27":7,"28":2,"29":5,"30":5,"31":5,"32":5,"33":7,"34":8,"35":8,"36":8,"37":8,"38":8,"39":7},"f":{"0":8,"1":4,"2":0,"3":5,"4":7,"5":8},"b":{"0":[1,7],"1":[4,4],"2":[5,1],"3":[7,1],"4":[2,5],"5":[2,3],"6":[2,3]},"_coverageSchema":"1a1c01bbd47fc00a2c39e90264f33305004495a9","hash":"86ebe58fb4e458f1b4f74554be7de3e20b49e375"}
,"/home/luca/sw-rn-client/signalwire-react-native/packages/react-native/src/platform/peers.ts": {"path":"/home/luca/sw-rn-client/signalwire-react-native/packages/react-native/src/platform/peers.ts","statementMap":{"0":{"start":{"line":23,"column":2},"end":{"line":25,"column":3}},"1":{"start":{"line":24,"column":4},"end":{"line":24,"column":63}},"2":{"start":{"line":26,"column":2},"end":{"line":26,"column":13}}},"fnMap":{"0":{"name":"assertPeerModule","decl":{"start":{"line":17,"column":16},"end":{"line":17,"column":32}},"loc":{"start":{"line":22,"column":5},"end":{"line":27,"column":1}},"line":22}},"branchMap":{"0":{"loc":{"start":{"line":23,"column":2},"end":{"line":25,"column":3}},"type":"if","locations":[{"start":{"line":23,"column":2},"end":{"line":25,"column":3}},{"start":{},"end":{}}],"line":23},"1":{"loc":{"start":{"line":23,"column":6},"end":{"line":23,"column":67}},"type":"binary-expr","locations":[{"start":{"line":23,"column":6},"end":{"line":23,"column":18}},{"start":{"line":23,"column":22},"end":{"line":23,"column":39}},{"start":{"line":23,"column":43},"end":{"line":23,"column":67}}],"line":23}},"s":{"0":72,"1":3,"2":69},"f":{"0":72},"b":{"0":[3,69],"1":[72,71,70]},"_coverageSchema":"1a1c01bbd47fc00a2c39e90264f33305004495a9","hash":"8732b0edbc2cf90fc4069aaaddf0b79d19ae5c00"}
,"/home/luca/sw-rn-client/signalwire-react-native/packages/react-native/src/platform/storage.ts": {"path":"/home/luca/sw-rn-client/signalwire-react-native/packages/react-native/src/platform/storage.ts","statementMap":{"0":{"start":{"line":20,"column":18},"end":{"line":20,"column":25}},"1":{"start":{"line":22,"column":18},"end":{"line":22,"column":75}},"2":{"start":{"line":22,"column":51},"end":{"line":22,"column":75}},"3":{"start":{"line":23,"column":15},"end":{"line":23,"column":88}},"4":{"start":{"line":23,"column":61},"end":{"line":23,"column":88}},"5":{"start":{"line":29,"column":41},"end":{"line":29,"column":45}},"6":{"start":{"line":33,"column":2},"end":{"line":33,"column":22}},"7":{"start":{"line":37,"column":17},"end":{"line":37,"column":33}},"8":{"start":{"line":38,"column":15},"end":{"line":38,"column":41}},"9":{"start":{"line":39,"column":19},"end":{"line":39,"column":63}},"10":{"start":{"line":39,"column":40},"end":{"line":39,"column":62}},"11":{"start":{"line":40,"column":2},"end":{"line":42,"column":3}},"12":{"start":{"line":41,"column":4},"end":{"line":41,"column":40}},"13":{"start":{"line":48,"column":4},"end":{"line":50,"column":7}},"14":{"start":{"line":49,"column":6},"end":{"line":49,"column":68}},"15":{"start":{"line":54,"column":4},"end":{"line":54,"column":23}},"16":{"start":{"line":58,"column":4},"end":{"line":58,"column":23}},"17":{"start":{"line":59,"column":4},"end":{"line":67,"column":5}},"18":{"start":{"line":60,"column":6},"end":{"line":63,"column":7}},"19":{"start":{"line":61,"column":8},"end":{"line":61,"column":58}},"20":{"start":{"line":62,"column":8},"end":{"line":62,"column":15}},"21":{"start":{"line":64,"column":6},"end":{"line":64,"column":60}},"22":{"start":{"line":66,"column":6},"end":{"line":66,"column":65}},"23":{"start":{"line":71,"column":4},"end":{"line":71,"column":23}},"24":{"start":{"line":72,"column":4},"end":{"line":77,"column":5}},"25":{"start":{"line":73,"column":6},"end":{"line":73,"column":60}},"26":{"start":{"line":75,"column":6},"end":{"line":75,"column":64}},"27":{"start":{"line":76,"column":6},"end":{"line":76,"column":18}},"28":{"start":{"line":81,"column":4},"end":{"line":81,"column":23}},"29":{"start":{"line":82,"column":4},"end":{"line":86,"column":5}},"30":{"start":{"line":83,"column":6},"end":{"line":83,"column":56}},"31":{"start":{"line":85,"column":6},"end":{"line":85,"column":66}},"32":{"start":{"line":90,"column":4},"end":{"line":90,"column":23}},"33":{"start":{"line":91,"column":4},"end":{"line":95,"column":5}},"34":{"start":{"line":92,"column":6},"end":{"line":92,"column":44}},"35":{"start":{"line":94,"column":6},"end":{"line":94,"column":62}}},"fnMap":{"0":{"name":"(anonymous_0)","decl":{"start":{"line":22,"column":18},"end":{"line":22,"column":19}},"loc":{"start":{"line":22,"column":51},"end":{"line":22,"column":75}},"line":22},"1":{"name":"(anonymous_1)","decl":{"start":{"line":23,"column":15},"end":{"line":23,"column":16}},"loc":{"start":{"line":23,"column":61},"end":{"line":23,"column":88}},"line":23},"2":{"name":"resetSessionPurgeForTesting","decl":{"start":{"line":32,"column":16},"end":{"line":32,"column":43}},"loc":{"start":{"line":32,"column":52},"end":{"line":34,"column":1}},"line":32},"3":{"name":"purgeScope","decl":{"start":{"line":36,"column":15},"end":{"line":36,"column":25}},"loc":{"start":{"line":36,"column":89},"end":{"line":43,"column":1}},"line":36},"4":{"name":"(anonymous_4)","decl":{"start":{"line":39,"column":31},"end":{"line":39,"column":32}},"loc":{"start":{"line":39,"column":40},"end":{"line":39,"column":62}},"line":39},"5":{"name":"(anonymous_5)","decl":{"start":{"line":47,"column":2},"end":{"line":47,"column":3}},"loc":{"start":{"line":47,"column":58},"end":{"line":51,"column":3}},"line":47},"6":{"name":"(anonymous_6)","decl":{"start":{"line":48,"column":58},"end":{"line":48,"column":59}},"loc":{"start":{"line":48,"column":78},"end":{"line":50,"column":5}},"line":48},"7":{"name":"(anonymous_7)","decl":{"start":{"line":53,"column":2},"end":{"line":53,"column":3}},"loc":{"start":{"line":53,"column":39},"end":{"line":55,"column":3}},"line":53},"8":{"name":"(anonymous_8)","decl":{"start":{"line":57,"column":2},"end":{"line":57,"column":3}},"loc":{"start":{"line":57,"column":99},"end":{"line":68,"column":3}},"line":57},"9":{"name":"(anonymous_9)","decl":{"start":{"line":70,"column":2},"end":{"line":70,"column":3}},"loc":{"start":{"line":70,"column":86},"end":{"line":78,"column":3}},"line":70},"10":{"name":"(anonymous_10)","decl":{"start":{"line":80,"column":2},"end":{"line":80,"column":3}},"loc":{"start":{"line":80,"column":80},"end":{"line":87,"column":3}},"line":80},"11":{"name":"(anonymous_11)","decl":{"start":{"line":89,"column":2},"end":{"line":89,"column":3}},"loc":{"start":{"line":89,"column":62},"end":{"line":96,"column":3}},"line":89}},"branchMap":{"0":{"loc":{"start":{"line":40,"column":2},"end":{"line":42,"column":3}},"type":"if","locations":[{"start":{"line":40,"column":2},"end":{"line":42,"column":3}},{"start":{},"end":{}}],"line":40},"1":{"loc":{"start":{"line":57,"column":51},"end":{"line":57,"column":82}},"type":"default-arg","locations":[{"start":{"line":57,"column":73},"end":{"line":57,"column":82}}],"line":57},"2":{"loc":{"start":{"line":60,"column":6},"end":{"line":63,"column":7}},"type":"if","locations":[{"start":{"line":60,"column":6},"end":{"line":63,"column":7}},{"start":{},"end":{}}],"line":60},"3":{"loc":{"start":{"line":70,"column":29},"end":{"line":70,"column":60}},"type":"default-arg","locations":[{"start":{"line":70,"column":51},"end":{"line":70,"column":60}}],"line":70},"4":{"loc":{"start":{"line":80,"column":32},"end":{"line":80,"column":63}},"type":"default-arg","locations":[{"start":{"line":80,"column":54},"end":{"line":80,"column":63}}],"line":80},"5":{"loc":{"start":{"line":89,"column":14},"end":{"line":89,"column":45}},"type":"default-arg","locations":[{
[...]
:{"line":71,"column":36}},"20":{"start":{"line":72,"column":6},"end":{"line":74,"column":7}},"21":{"start":{"line":73,"column":8},"end":{"line":73,"column":33}},"22":{"start":{"line":75,"column":6},"end":{"line":75,"column":73}},"23":{"start":{"line":80,"column":21},"end":{"line":83,"column":3}},"24":{"start":{"line":81,"column":39},"end":{"line":81,"column":84}},"25":{"start":{"line":85,"column":2},"end":{"line":99,"column":4}}},"fnMap":{"0":{"name":"useCall","decl":{"start":{"line":33,"column":16},"end":{"line":33,"column":23}},"loc":{"start":{"line":33,"column":70},"end":{"line":100,"column":1}},"line":33},"1":{"name":"(anonymous_1)","decl":{"start":{"line":51,"column":29},"end":{"line":51,"column":30}},"loc":{"start":{"line":51,"column":50},"end":{"line":51,"column":85}},"line":51},"2":{"name":"(anonymous_2)","decl":{"start":{"line":54,"column":4},"end":{"line":54,"column":5}},"loc":{"start":{"line":54,"column":25},"end":{"line":54,"column":64}},"line":54},"3":{"name":"(anonymous_3)","decl":{"start":{"line":59,"column":4},"end":{"line":59,"column":5}},"loc":{"start":{"line":59,"column":39},"end":{"line":65,"column":5}},"line":59},"4":{"name":"(anonymous_4)","decl":{"start":{"line":70,"column":4},"end":{"line":70,"column":5}},"loc":{"start":{"line":70,"column":39},"end":{"line":76,"column":5}},"line":70},"5":{"name":"(anonymous_5)","decl":{"start":{"line":81,"column":4},"end":{"line":81,"column":5}},"loc":{"start":{"line":81,"column":39},"end":{"line":81,"column":84}},"line":81}},"branchMap":{"0":{"loc":{"start":{"line":34,"column":58},"end":{"line":34,"column":95}},"type":"binary-expr","locations":[{"start":{"line":34,"column":58},"end":{"line":34,"column":70}},{"start":{"line":34,"column":75},"end":{"line":34,"column":94}}],"line":34},"1":{"loc":{"start":{"line":35,"column":58},"end":{"line":35,"column":95}},"type":"binary-expr","locations":[{"start":{"line":35,"column":58},"end":{"line":35,"column":76}},{"start":{"line":35,"column":80},"end":{"line":35,"column":95}}],"line":35},"2":{"loc":{"start":{"line":36,"column":42},"end":{"line":36,"column":60}},"type":"binary-expr","locations":[{"start":{"line":36,"column":42},"end":{"line":36,"column":52}},{"start":{"line":36,"column":56},"end":{"line":36,"column":60}}],"line":36},"3":{"loc":{"start":{"line":39,"column":4},"end":{"line":39,"column":29}},"type":"binary-expr","locations":[{"start":{"line":39,"column":4},"end":{"line":39,"column":21}},{"start":{"line":39,"column":25},"end":{"line":39,"column":29}}],"line":39},"4":{"loc":{"start":{"line":43,"column":4},"end":{"line":43,"column":30}},"type":"binary-expr","locations":[{"start":{"line":43,"column":4},"end":{"line":43,"column":22}},{"start":{"line":43,"column":26},"end":{"line":43,"column":30}}],"line":43},"5":{"loc":{"start":{"line":51,"column":50},"end":{"line":51,"column":85}},"type":"binary-expr","locations":[{"start":{"line":51,"column":50},"end":{"line":51,"column":64}},{"start":{"line":51,"column":68},"end":{"line":51,"column":85}}],"line":51},"6":{"loc":{"start":{"line":54,"column":25},"end":{"line":54,"column":64}},"type":"binary-expr","locations":[{"start":{"line":54,"column":25},"end":{"line":54,"column":43}},{"start":{"line":54,"column":47},"end":{"line":54,"column":64}}],"line":54},"7":{"loc":{"start":{"line":61,"column":6},"end":{"line":63,"column":7}},"type":"if","locations":[{"start":{"line":61,"column":6},"end":{"line":63,"column":7}},{"start":{},"end":{}}],"line":61},"8":{"loc":{"start":{"line":64,"column":13},"end":{"line":64,"column":62}},"type":"cond-expr","locations":[{"start":{"line":64,"column":21},"end":{"line":64,"column":39}},{"start":{"line":64,"column":42},"end":{"line":64,"column":62}}],"line":64},"9":{"loc":{"start":{"line":72,"column":6},"end":{"line":74,"column":7}},"type":"if","locations":[{"start":{"line":72,"column":6},"end":{"line":74,"column":7}},{"start":{},"end":{}}],"line":72},"10":{"loc":{"start":{"line":75,"column":13},"end":{"line":75,"column":72}},"type":"cond-expr","locations":[{"start":{"line":75,"column":21},"end":{"line":75,"column":44}},{"start":{"line":75,"column":47},"end":{"line":75,"column":72}}],"line":75},"11":{"loc":{"start":{"line":81,"column":39},"end":{"line":81,"column":84}},"type":"binary-expr","locations":[{"start":{"line":81,"column":39},"end":{"line":81,"column":63}},{"start":{"line":81,"column":67},"end":{"line":81,"column":84}}],"line":81},"12":{"loc":{"start":{"line":91,"column":18},"end":{"line":91,"column":37}},"type":"binary-expr","locations":[{"start":{"line":91,"column":18},"end":{"line":91,"column":28}},{"start":{"line":91,"column":32},"end":{"line":91,"column":37}}],"line":91},"13":{"loc":{"start":{"line":92,"column":18},"end":{"line":92,"column":37}},"type":"binary-expr","locations":[{"start":{"line":92,"column":18},"end":{"line":92,"column":28}},{"start":{"line":92,"column":32},"end":{"line":92,"column":37}}],"line":92}},"s":{"0":2,"1":28,"2":28,"3":28,"4":28,"5":28,"6":28,"7":28,"8":28,"9":28,"10":2,"11":28,"12":0,"13":28,"14":2,"15":2,"16":0,"17":2,"18":28,"19":1,"20":1,"21":0,"22":1,"23":28,"24":1,"25":28},"f":{"0":28,"1":2,"2":0,"3":2,"4":1,"5":1},"b":{"0":[28,3],"1":[28,3],"2":[28,12],"3":[28,25],"4":[28,23],"5":[2,1],"6":[0,0],"7":[0,2],"8":[1,1],"9":[0,1],"10":[1,0],"11":[1,0],"12":[28,13],"13":[28,12]},"_coverageSchema":"1a1c01bbd47fc00a2c39e90264f33305004495a9","hash":"8c4db3f6468d187df7645d559e24b7a87da7b6ee"}
,"/home/luca/sw-rn-client/signalwire-react-native/packages/react-native/src/react/useDevices.ts": {"path":"/home/luca/sw-rn-client/signalwire-react-native/packages/react-native/src/react/useDevices.ts","statementMap":{"0":{"start":{"line":6,"column":38},"end":{"line":6,"column":40}},"1":{"start":{"line":30,"column":17},"end":{"line":30,"column":62}},"2":{"start":{"line":32,"column":22},"end":{"line":35,"column":3}},"3":{"start":{"line":36,"column":22},"end":{"line":39,"column":3}},"4":{"start":{"line":40,"column":29},"end":{"line":43,"column":3}},"5":{"start":{"line":44,"column":29},"end":{"line":47,"column":3}},"6":{"start":{"line":49,"column":27},"end":{"line":52,"column":3}},"7":{"start":{"line":50,"column":46},"end":{"line":50,"column":84}},"8":{"start":{"line":54,"column":27},"end":{"line":57,"column":3}},"9":{"start":{"line":55,"column":46},"end":{"line":55,"column":84}},"10":{"start":{"line":59,"column":18},"end":{"line":62,"column":3}},"11":{"start":{"line":60,"column":25},"end":{"line":60,"column":72}},"12":{"start":{"line":64,"column":2},"end":{"line":72,"column":4}}},"fnMap":{"0":{"name":"useDevices","decl":{"start":{"line":29,"column":16},"end":{"line":29,"column":26}},"loc":{"start":{"line":29,"column":47},"end":{"line":73,"column":1}},"line":29},"1":{"name":"(anonymous_1)","decl":{"start":{"line":50,"column":4},"end":{"line":50,"column":5}},"loc":{"start":{"line":50,"column":46},"end":{"line":50,"column":84}},"line":50},"2":{"name":"(anonymous_2)","decl":{"start":{"line":55,"column":4},"end":{"line":55,"column":5}},"loc":{"start":{"line":55,"column":46},"end":{"line":55,"column":84}},"line":55},"3":{"name":"(anonymous_3)","decl":{"start":{"line":60,"column":4},"end":{"line":60,"column":5}},"loc":{"start":{"line":60,"column":25},"end":{"line":60,"column":72}},"line":60}},"branchMap":{"0":{"loc":{"start":{"line":30,"column":17},"end":{"line":30,"column":62}},"type":"binary-expr","locations":[{"start":{"line":30,"column":17},"end":{"line":30,"column":54}},{"start":{"line":30,"column":58},"end":{"line":30,"column":62}}],"line":30},"1":{"loc":{"start":{"line":34,"column":4},"end":{"line":34,"column":43}},"type":"binary-expr","locations":[{"start":{"line":34,"column":4},"end":{"line":34,"column":29}},{"start":{"line":34,"column":33},"end":{"line":34,"column":43}}],"line":34},"2":{"loc":{"start":{"line":38,"column":4},"end":{"line":38,"column":43}},"type":"binary-expr","locations":[{"start":{"line":38,"column":4},"end":{"line":38,"column":29}},{"start":{"line":38,"column":33},"end":{"line":38,"column":43}}],"line":38},"3":{"loc":{"start":{"line":42,"column":4},"end":{"line":42,"column":44}},"type":"binary-expr","locations":[{"start":{"line":42,"column":4},"end":{"line":42,"column":36}},{"start":{"line":42,"column":40},"end":{"line":42,"column":44}}],"line":42},"4":{"loc":{"start":{"line":46,"column":4},"end":{"line":46,"column":44}},"type":"binary-expr","locations":[{"start":{"line":46,"column":4},"end":{"line":46,"column":36}},{"start":{"line":46,"column":40},"end":{"line":46,"column":44}}],"line":46},"5":{"loc":{"start":{"line":60,"column":25},"end":{"line":60,"column":72}},"type":"binary-expr","locations":[{"start":{"line":60,"column":25},"end":{"line":60,"column":51}},{"start":{"line":60,"column":55},"end":{"line":60,"column":72}}],"line":60}},"s":{"0":1,"1":11,"2":11,"3":11,"4":11,"5":11,"6":11,"7":2,"8":11,"9":1,"10":11,"11":2,"12":11},"f":{"0":11,"1":2,"2":1,"3":2},"b":{"0":[11,1],"1":[11,1],"2":[11,1],"3":[11,11],"4":[11,11],"5":[2,1]},"_coverageSchema":"1a1c01bbd47fc00a2c39e90264f33305004495a9","hash":"15dd695717a71d629cd0549e067432a68f0cf4da"}
,"/home/luca/sw-rn-client/signalwire-react-native/packages/react-native/src/react/useIncomingCalls.ts": {"path":"/home/luca/sw-rn-client/signalwire-react-native/packages/react-native/src/react/useIncomingCalls.ts","statementMap":{"0":{"start":{"line":9,"column":25},"end":{"line":9,"column":27}},"1":{"start":{"line":24,"column":18},"end":{"line":24,"column":64}},"2":{"start":{"line":25,"column":16},"end":{"line":25,"column":90}},"3":{"start":{"line":27,"column":17},"end":{"line":29,"column":8}},"4":{"start":{"line":28,"column":4},"end":{"line":28,"column":31}},"5":{"start":{"line":31,"column":17},"end":{"line":37,"column":8}},"6":{"start":{"line":32,"column":4},"end":{"line":36,"column":5}},"7":{"start":{"line":33,"column":6},"end":{"line":33,"column":26}},"8":{"start":{"line":35,"column":6},"end":{"line":35,"column":62}},"9":{"start":{"line":39,"column":2},"end":{"line":39,"column":35}}},"fnMap":{"0":{"name":"useIncomingCalls","decl":{"start":{"line":23,"column":16},"end":{"line":23,"column":32}},"loc":{"start":{"line":23,"column":59},"end":{"line":40,"column":1}},"line":23},"1":{"name":"(anonymous_1)","decl":{"start":{"line":27,"column":29},"end":{"line":27,"column":30}},"loc":{"start":{"line":27,"column":90},"end":{"line":29,"column":3}},"line":27},"2":{"name":"(anonymous_2)","decl":{"start":{"line":31,"column":29},"end":{"line":31,"column":30}},"loc":{"start":{"line":31,"column":66},"end":{"line":37,"column":3}},"line":31}},"branchMap":{"0":{"loc":{"start":{"line":25,"column":55},"end":{"line":25,"column":89}},"type":"binary-expr","locations":[{"start":{"line":25,"column":55},"end":{"line":25,"column":77}},{"start":{"line":25,"column":81},"end":{"line":25,"column":89}}],"line":25}},"s":{"0":1,"1":8,"2":8,"3":8,"4":2,"5":8,"6":2,"7":2,"8":1,"9":8},"f":{"0":8,"1":2,"2":2},"b":{"0":[8,1]},"_coverageSchema":"1a1c01bbd47fc00a2c39e90264f33305004495a9","hash":"d771f7b288919f5d0a71f9cefce1aa39975b0baa"}
,"/home/luca/sw-rn-client/signalwire-react-native/packages/react-native/src/react/useObservable.ts": {"path":"/home/luca/sw-rn-client/signalwire-react-native/packages/react-native/src/react/useObservable.ts","statementMap":{"0":{"start":{"line":18,"column":14},"end":{"line":18,"column":22}},"1":{"start":{"line":19,"column":16},"end":{"line":19,"column":21}},"2":{"start":{"line":20,"column":23},"end":{"line":23,"column":4}},"3":{"start":{"line":21,"column":4},"end":{"line":21,"column":17}},"4":{"start":{"line":22,"column":4},"end":{"line":22,"column":19}},"5":{"start":{"line":24,"column":2},"end":{"line":24,"column":29}},"6":{"start":{"line":25,"column":2},"end":{"line":25,"column":36}},"7":{"start":{"line":32,"column":17},"end":{"line":32,"column":77}},"8":{"start":{"line":34,"column":2},"end":{"line":49,"column":4}},"9":{"start":{"line":36,"column":6},"end":{"line":38,"column":7}},"10":{"start":{"line":37,"column":8},"end":{"line":37,"column":31}},"11":{"start":{"line":37,"column":21},"end":{"line":37,"column":30}},"12":{"start":{"line":39,"column":27},"end":{"line":45,"column":8}},"13":{"start":{"line":40,"column":8},"end":{"line":42,"column":9}},"14":{"start":{"line":41,"column":10},"end":{"line":41,"column":17}},"15":{"start":{"line":43,"column":8},"end":{"line":43,"column":24}},"16":{"start":{"line":44,"column":8},"end":{"line":44,"column":24}},"17":{"start":{"line":46,"column":6},"end":{"line":46,"column":46}},"18":{"start":{"line":46,"column":19},"end":{"line":46,"column":45}},"19":{"start":{"line":48,"column":26},"end":{"line":48,"column":34}},"20":{"start":{"line":63,"column":21},"end":{"line":63,"column":41}},"21":{"start":{"line":65,"column":16},"end":{"line":65,"column":90}},"22":{"start":{"line":65,"column":30},"end":{"line":65,"column":74}},"23":{"start":{"line":67,"column":2},"end":{"line":67,"column":66}}},"fnMap":{"0":{"name":"peek","decl":{"start":{"line":17,"column":9},"end":{"line":17,"column":13}},"loc":{"start":{"line":17,"column":61},"end":{"line":26,"column":1}},"line":17},"1":{"name":"(anonymous_1)","decl":{"start":{"line":20,"column":45},"end":{"line":20,"column":46}},"loc":{"start":{"line":20,"column":55},"end":{"line":23,"column":3}},"line":20},"2":{"name":"createStore","decl":{"start":{"line":28,"column":9},"end":{"line":28,"column":20}},"loc":{"start":{"line":31,"column":22},"end":{"line":50,"column":1}},"line":31},"3":{"name":"(anonymous_3)","decl":{"start":{"line":35,"column":4},"end":{"line":35,"column":5}},"loc":{"start":{"line":35,"column":53},"end":{"line":47,"column":5}},"line":35},"4":{"name":"(anonymous_4)","decl":{"start":{"line":37,"column":15},"end":{"line":37,"column":16}},"loc":{"start":{"line":37,"column":21},"end":{"line":37,"column":30}},"line":37},"5":{"name":"(anonymous_5)","decl":{"start":{"line":39,"column":49},"end":{"line":39,"column":50}},"loc":{"start":{"line":39,"column":59},"end":{"line":45,"column":7}},"line":39},"6":{"name":"(anonymous_6)","decl":{"start":{"line":46,"column":13},"end":{"line":46,"column":14}},"loc":{"start":{"line":46,"column":19},"end":{"line":46,"column":45}},"line":46},"7":{"name":"(anonymous_7)","decl":{"start":{"line":48,"column":17},"end":{"line":48,"column":18}},"loc":{"start":{"line":48,"column":26},"end":{"line":48,"column":34}},"line":48},"8":{"name":"useObservable","decl":{"start":{"line":62,"column":16},"end":{"line":62,"column":29}},"loc":{"start":{"line":62,"column":93},"end":{"line":68,"column":1}},"line":62},"9":{"name":"(anonymous_9)","decl":{"start":{"line":65,"column":24},"end":{"line":65,"column":25}},"loc":{"start":{"line":65,"column":30},"end":{"line":65,"column":74}},"line":65}},"branchMap":{"0":{"loc":{"start":{"line":25,"column":9},"end":{"line":25,"column":35}},"type":"cond-expr","locations":[{"start":{"line":25,"column":19},"end":{"line":25,"column":24}},{"start":{"line":25,"column":27},"end":{"line":25,"column":35}}],"line":25},"1":{"loc":{"start":{"line":32,"column":17},"end":{"line":32,"column":77}},"type":"cond-expr","locations":[{"start":{"line":32,"column":31},"end":{"line":32,"column":62}},{"start":{"line":32,"column":65},"end":{"line":32,"column":77}}],"line":32},"2":{"loc":{"start":{"line":36,"column":6},"end":{"line":38,"column":7}},"type":"if","locations":[{"start":{"line":36,"column":6},"end":{"line":38,"column":7}},{"start":{},"end":{}}],"line":36},"3":{"loc":{"start":{"line":40,"column":8},"end":{"line":42,"column":9}},"type":"if","locations":[{"start":{"line":40,"column":8},"end":{"line":42,"column":9}},{"start":{},"end":{}}],"line":40}},"s":{"0":242,"1":242,"2":242,"3":229,"4":229,"5":242,"6":242,"7":340,"8":340,"9":340,"10":98,"11":98,"12":242,"13":242,"14":228,"15":14,"16":14,"17":242,"18":242,"19":1170,"20":403,"21":403,"22":340,"23":403},"f":{"0":242,"1":229,"2":340,"3":340,"4":98,"5":242,"6":242,"7":1170,"8":403,"9":340},"b":{"0":[229,13],"1":[242,98],"2":[98,242],"3":[228,14]},"_coverageSchema":"1a1c01bbd47fc00a2c39e90264f33305004495a9","hash":"b8f22952899d196c668b57fd07e08892c0e45690"}
,"/home/luca/sw-rn-client/signalwire-react-native/packages/react-native/src/react/useSignalWire.ts": {"path":"/home/luca/sw-rn-client/signalwire-react-native/packages/react-native/src/react/useSignalWire.ts","statementMap":{"0":{"start":{"line":22,"column":18},"end":{"line":22,"column":47}},"1":{"start":{"line":23,"column":2},"end":{"line":28,"column":3}},"2":{"start":{"line":24,"column":4},"end":{"line":27,"column":6}},"3":{"start":{"line":29,"column":2},"end":{"line":29,"column":17}},"4":{"start":{"line":34,"column":44},"end":{"line":34,"column":66}},"5":{"start":{"line":36,"column":22},"end":{"line":36,"column":87}},"6":{"start":{"line":37,"column":23},"end":{"line":37,"column":90}},"7":{"start":{"line":38,"column":15},"end":{"line":38,"column":57}},"8":{"start":{"line":39,"column":20},"end":{"line":39,"column":72}},"9":{"start":{"line":41,"column":15},"end":{"line":53,"column":3}},"10":{"start":{"line":43,"column":6},"end":{"line":45,"column":7}},"11":{"start":{"line":44,"column":8},"end":{"line":44,"column":63}},"12":{"start":{"line":46,"column":19},"end":{"line":46,"column":58}},"13":{"start":{"line":47,"column":6},"end":{"line":49,"column":7}},"14":{"start":{"line":48,"column":8},"end":{"line":48,"column":64}},"15":{"start":{"line":50,"column":6},"end":{"line":50,"column":18}},"16":{"start":{"line":55,"column":21},"end":{"line":60,"column":14}},"17":{"start":{"line":56,"column":4},"end":{"line":58,"column":5}},"18":{"start":{"line":57,"column":6},"end":{"line":57,"column":31}},"19":{"start":{"line":59,"column":4},"end":{"line":59,"column":31}},"20":{"start":{"line":62,"column":2},"end":{"line":62,"column":89}}},"fnMap":{"0":{"name":"useSignalWireContext","decl":{"start":{"line":21,"column":9},"end":{"line":21,"column":29}},"loc":{"start":{"line":21,"column":56},"end":{"line":30,"column":1}},"line":21},"1":{"name":"useSignalWire","decl":{"start":{"line":33,"column":16},"end":{"line":33,"column":29}},"loc":{"start":{"line":33,"column":53},"end":{"line":63,"column":1}},"line":33},"2":{"name":"(anonymous_2)","decl":{"start":{"line":42,"column":4},"end":{"line":42,"column":5}},"loc":{"start":{"line":42,"column":73},"end":{"line":51,"column":5}},"line":42},"3":{"name":"(anonymous_3)","decl":{"start":{"line":55,"column":33},"end":{"line":55,"column":34}},"loc":{"start":{"line":55,"column":54},"end":{"line":60,"column":3}},"line":55}},"branchMap":{"0":{"loc":{"start":{"line":23,"column":2},"end":{"line":28,"column":3}},"type":"if","locations":[{"start":{"line":23,"column":2},"end":{"line":28,"column":3}},{"start":{},"end":{}}],"line":23},"1":{"loc":{"start":{"line":36,"column":58},"end":{"line":36,"column":86}},"type":"binary-expr","locations":[{"start":{"line":36,"column":58},"end":{"line":36,"column":77}},{"start":{"line":36,"column":81},"end":{"line":36,"column":86}}],"line":36},"2":{"loc":{"start":{"line":37,"column":60},"end":{"line":37,"column":89}},"type":"binary-expr","locations":[{"start":{"line":37,"column":60},"end":{"line":37,"column":80}},{"start":{"line":37,"column":84},"end":{"line":37,"column":89}}],"line":37},"3":{"loc":{"start":{"line":43,"column":6},"end":{"line":45,"column":7}},"type":"if","locations":[{"start":{"line":43,"column":6},"end":{"line":45,"column":7}},{"start":{},"end":{}}],"line":43},"4":{"loc":{"start":{"line":47,"column":6},"end":{"line":49,"column":7}},"type":"if","locations":[{"start":{"line":47,"column":6},"end":{"line":49,"column":7}},{"start":{},"end":{}}],"line":47},"5":{"loc":{"start":{"line":56,"column":4},"end":{"line":58,"column":5}},"type":"if","locations":[{"start":{"line":56,"column":4},"end":{"line":58,"column":5}},{"start":{},"end":{}}],"line":56}},"s":{"0":29,"1":28,"2":1,"3":27,"4":29,"5":27,"6":27,"7":27,"8":27,"9":27,"10":5,"11":1,"12":4,"13":4,"14":2,"15":4,"16":27,"17":0,"18":0,"19":0,"20":27},"f":{"0":29,"1":29,"2":5,"3":0},"b":{"0":[1,27],"1":[27,27],"2":[27,27],"3":[1,4],"4":[2,2],"5":[0,0]},"_coverageSchema":"1a1c01bbd47fc00a2c39e90264f33305004495a9","hash":"4378f53e0dcde5ac1a9e4f7dd30a94ebcbbaafbe"}
}
