TN:
SF:src/audio.ts
FNF:0
FNH:0
LF:0
LH:0
BRF:0
BRH:0
end_of_record
TN:
SF:src/callkit.ts
FNF:0
FNH:0
LF:0
LH:0
BRF:0
BRH:0
end_of_record
TN:
SF:src/errors.ts
FN:3,(anonymous_0)
FN:19,(anonymous_1)
FNF:2
FNH:2
FNDA:4,(anonymous_0)
FNDA:4,(anonymous_1)
DA:7,4
DA:13,4
DA:20,4
DA:25,4
LF:4
LH:4
BRF:0
BRH:0
end_of_record
TN:
SF:src/index.ts
FNF:0
FNH:0
LF:0
LH:0
BRF:0
BRH:0
end_of_record
TN:
SF:src/logger.ts
FN:7,(anonymous_0)
FN:8,(anonymous_1)
FN:9,(anonymous_2)
FN:10,(anonymous_3)
FNF:4
FNH:4
FNDA:87,(anonymous_0)
FNDA:1,(anonymous_1)
FNDA:15,(anonymous_2)
FNDA:1,(anonymous_3)
DA:3,20
DA:6,20
DA:7,87
DA:8,1
DA:9,15
DA:10,1
LF:6
LH:6
BRF:0
BRH:0
end_of_record
TN:
SF:src/polyfills.ts
FNF:0
FNH:0
DA:25,0
LF:1
LH:0
BRF:0
BRH:0
end_of_record
TN:
SF:src/audio/AudioRouteController.ts
FN:22,(anonymous_0)
FN:31,(anonymous_1)
FN:35,(anonymous_2)
FN:40,(anonymous_3)
FN:51,(anonymous_4)
FN:70,(anonymous_5)
FN:78,(anonymous_6)
FN:90,(anonymous_7)
FN:99,getAudioRouteController
FN:105,resetAudioRouteControllerForTesting
FNF:10
FNH:10
FNDA:19,(anonymous_0)
FNDA:9,(anonymous_1)
FNDA:15,(anonymous_2)
FNDA:13,(anonymous_3)
FNDA:23,(anonymous_4)
FNDA:23,(anonymous_5)
FNDA:45,(anonymous_6)
FNDA:18,(anonymous_7)
FNDA:14,getAudioRouteController
FNDA:14,resetAudioRouteControllerForTesting
DA:19,19
DA:20,19
DA:23,19
DA:32,9
DA:36,15
DA:41,13
DA:42,13
DA:43,13
DA:45,0
DA:47,13
DA:52,23
DA:53,23
DA:54,11
DA:57,0
DA:59,23
DA:60,23
DA:61,23
DA:71,23
DA:72,1
DA:74,22
DA:75,22
DA:79,45
DA:80,45
DA:81,2
DA:82,2
DA:84,43
DA:86,1
DA:91,18
DA:92,18
DA:96,5
DA:100,14
DA:101,14
DA:106,14
DA:107,14
LF:34
LH:32
BRDA:47,0,0,4
BRDA:47,0,1,9
BRDA:53,1,0,11
BRDA:53,1,1,12
BRDA:70,2,0,10
BRDA:71,3,0,1
BRDA:71,3,1,22
BRDA:71,4,0,23
BRDA:71,4,1,10
BRDA:80,5,0,2
BRDA:80,5,1,43
BRF:11
BRH:11
end_of_record
TN:
SF:src/audio/useAudioRoute.ts
FN:14,useAudioRoute
FN:15,(anonymous_1)
FN:18,(anonymous_2)
FNF:3
FNH:3
FNDA:8,useAudioRoute
FNDA:3,(anonymous_1)
FNDA:1,(anonymous_2)
DA:15,8
DA:16,7
DA:18,7
DA:20,7
LF:4
LH:4
BRF:0
BRH:0
end_of_record
TN:
SF:src/callkit/CallKeepBridge.ts
FN:56,(anonymous_0)
FN:58,(anonymous_1)
FN:60,(anonymous_2)
FN:62,(anonymous_3)
FN:63,(anonymous_4)
FN:65,(anonymous_5)
FN:66,(anonymous_6)
FN:73,(anonymous_7)
FN:122,(anonymous_8)
FN:129,(anonymous_9)
FN:130,(anonymous_10)
FN:141,(anonymous_11)
FN:147,(anonymous_12)
FN:160,(anonymous_13)
FN:161,(anonymous_14)
FN:169,(anonymous_15)
FN:182,(anonymous_16)
FN:187,(anonymous_17)
FN:193,(anonymous_18)
FN:203,(anonymous_19)
FN:217,(anonymous_20)
FN:219,(anonymous_21)
FN:224,(anonymous_22)
FN:230,(anonymous_23)
FN:238,(anonymous_24)
FN:246,(anonymous_25)
FN:247,(anonymous_26)
FN:263,(anonymous_27)
FN:267,(anonymous_28)
FN:269,(anonymous_29)
FN:276,(anonymous_30)
FN:283,(anonymous_31)
FN:290,generateUuid
FN:295,(anonymous_33)
FN:302,getCallKit
FN:308,resetCallKitForTesting
FNF:36
FNH:36
FNDA:31,(anonymous_0)
FNDA:21,(anonymous_1)
FNDA:2,(anonymous_2)
FNDA:1,(anonymous_3)
FNDA:5,(anonymous_4)
FNDA:23,(anonymous_5)
FNDA:32,(anonymous_6)
FNDA:30,(anonymous_7)
FNDA:21,(anonymous_8)
FNDA:16,(anonymous_9)
FNDA:16,(anonymous_10)
FNDA:2,(anonymous_11)
FNDA:32,(anonymous_12)
FNDA:29,(anonymous_13)
FNDA:8,(anonymous_14)
FNDA:3,(anonymous_15)
FNDA:1,(anonymous_16)
FNDA:1,(anonymous_17)
FNDA:2,(anonymous_18)
FNDA:2,(anonymous_19)
FNDA:8,(anonymous_20)
FNDA:5,(anonymous_21)
FNDA:5,(anonymous_22)
FNDA:6,(anonymous_23)
FNDA:3,(anonymous_24)
FNDA:18,(anonymous_25)
FNDA:20,(anonymous_26)
FNDA:21,(anonymous_27)
FNDA:11,(anonymous_28)
FNDA:11,(anonymous_29)
FNDA:36,(anonymous_30)
FNDA:5,(anonymous_31)
FNDA:23,generateUuid
FNDA:368,(anonymous_33)
FNDA:4,getCallKit
FNDA:2,resetCallKitForTesting
DA:13,3
DA:14,3
DA:15,3
DA:18,3
DA:32,3
DA:50,31
DA:51,31
DA:52,31
DA:53,31
DA:54,31
DA:57,31
DA:59,21
DA:61,2
DA:62,1
DA:64,5
DA:65,23
DA:66,32
DA:69,31
DA:74,30
DA:75,1
DA:78,29
DA:85,29
DA:87,29
DA:112,29
DA:113,29
DA:114,29
DA:115,29
DA:123,21
DA:124,21
DA:125,21
DA:130,16
DA:131,16
DA:132,16
DA:133,16
DA:134,16
DA:142,2
DA:143,2
DA:144,2
DA:148,32
DA:149,32
DA:150,32
DA:151,32
DA:152,192
DA:154,32
DA:155,32
DA:161,29
DA:162,8
DA:165,8
DA:166,8
DA:169,29
DA:170,3
DA:171,3
DA:172,3
DA:173,1
DA:174,1
DA:176,2
DA:177,2
DA:180,29
DA:183,1
DA:187,29
DA:188,1
DA:191,29
DA:194,2
DA:195,2
DA:196,0
DA:198,2
DA:203,29
DA:204,2
DA:205,2
DA:206,2
DA:218,8
DA:219,5
DA:220,5
DA:222,5
DA:224,5
DA:227,6
DA:231,6
DA:232,6
DA:234,0
DA:239,3
DA:240,3
DA:242,0
DA:247,18
DA:248,20
DA:249,20
DA:250,0
DA:252,20
DA:253,1
DA:254,1
DA:256,19
DA:257,1
DA:258,1
DA:264,21
DA:265,0
DA:267,21
DA:268,11
DA:269,11
DA:270,11
DA:271,4
DA:277,36
DA:278,21
DA:279,21
DA:284,5
DA:285,5
DA:291,23
DA:292,23
DA:293,23
DA:294,23
DA:295,368
DA:296,23
DA:299,3
DA:303,4
DA:304,4
DA:309,2
DA:310,2
LF:115
LH:110
BRDA:56,0,0,27
BRDA:74,1,0,1
BRDA:74,1,1,29
BRDA:85,2,0,29
BRDA:85,2,1,28
BRDA:105,3,0,29
BRDA:105,3,1,29
BRDA:106,4,0,29
BRDA:106,4,1,29
BRDA:132,5,0,16
BRDA:132,5,1,0
BRDA:172,6,0,1
BRDA:172,6,1,2
BRDA:195,7,0,0
BRDA:195,7,1,2
BRDA:198,8,0,1
BRDA:198,8,1,1
BRDA:218,9,0,5
BRDA:218,9,1,3
BRDA:232,10,0,1
BRDA:232,10,1,5
BRDA:249,11,0,0
BRDA:249,11,1,20
BRDA:252,12,0,1
BRDA:252,12,1,19
BRDA:256,13,0,1
BRDA:256,13,1,18
BRDA:264,14,0,0
BRDA:264,14,1,21
BRDA:270,15,0,4
BRDA:270,15,1,7
BRDA:277,16,0,21
BRDA:277,16,1,15
BRDA:285,17,0,2
BRDA:285,17,1,3
BRF:35
BRH:31
end_of_record
TN:
SF:src/callkit/CallRegistry.ts
FN:33,(anonymous_0)
FN:38,(anonymous_1)
FN:42,(anonymous_2)
FN:46,(anonymous_3)
FN:50,(anonymous_4)
FN:65,(anonymous_5)
FN:67,(anonymous_6)
FN:99,(anonymous_7)
FN:129,(anonymous_8)
FN:152,(anonymous_9)
FN:169,(anonymous_10)
FN:178,(anonymous_11)
FN:184,(anonymous_12)
FN:193,(anonymous_13)
FN:208,(anonymous_14)
FN:222,(anonymous_15)
FN:229,(anonymous_16)
FN:239,(anonymous_17)
FN:240,(anonymous_18)
FN:246,(anonymous_19)
FN:268,(anonymous_20)
FN:285,(anonymous_21)
FN:297,(anonymous_22)
FNF:23
FNH:22
FNDA:57,(anonymous_0)
FNDA:2,(anonymous_1)
FNDA:16,(anonymous_2)
FNDA:19,(anonymous_3)
FNDA:74,(anonymous_4)
FNDA:39,(anonymous_5)
FNDA:1,(anonymous_6)
FNDA:29,(anonymous_7)
FNDA:8,(anonymous_8)
FNDA:16,(anonymous_9)
FNDA:2,(anonymous_10)
FNDA:3,(anonymous_11)
FNDA:0,(anonymous_12)
FNDA:4,(anonymous_13)
FNDA:15,(anonymous_14)
FNDA:33,(anonymous_15)
FNDA:64,(anonymous_16)
FNDA:28,(anonymous_17)
FNDA:27,(anonymous_18)
FNDA:4,(anonymous_19)
FNDA:24,(anonymous_20)
FNDA:12,(anonymous_21)
FNDA:103,(anonymous_22)
DA:15,4
DA:16,4
DA:17,4
DA:30,57
DA:31,57
DA:34,57
DA:35,57
DA:39,2
DA:43,16
DA:47,19
DA:51,74
DA:52,65
DA:53,22
DA:56,52
DA:66,39
DA:67,36
DA:68,36
DA:69,1
DA:70,1
DA:73,3
DA:79,38
DA:80,38
DA:81,38
DA:83,38
DA:94,38
DA:95,38
DA:100,29
DA:101,1
DA:104,28
DA:105,28
DA:106,24
DA:107,24
DA:110,4
DA:111,4
DA:112,4
DA:114,4
DA:125,4
DA:130,8
DA:131,8
DA:132,0
DA:135,8
DA:136,8
DA:147,8
DA:148,8
DA:153,16
DA:154,16
DA:155,2
DA:158,14
DA:159,7
DA:160,7
DA:161,7
DA:164,7
DA:165,7
DA:170,2
DA:171,2
DA:172,0
DA:174,2
DA:179,3
DA:180,3
DA:181,0
DA:184,3
DA:185,0
DA:188,3
DA:189,3
DA:194,4
DA:195,4
DA:196,1
DA:198,3
DA:199,3
DA:209,15
DA:210,15
DA:211,15
DA:212,3
DA:214,12
DA:215,4
DA:216,4
DA:217,4
DA:223,33
DA:224,33
DA:230,64
DA:231,28
DA:232,24
DA:235,40
DA:240,28
DA:241,28
DA:242,23
DA:245,5
DA:246,4
DA:249,5
DA:250,5
DA:251,1
DA:255,1
DA:258,4
DA:259,1
DA:265,4
DA:269,24
DA:276,24
DA:277,24
DA:279,24
DA:280,5
DA:281,5
DA:286,12
DA:287,12
DA:288,9
DA:290,3
DA:293,0
DA:298,103
DA:299,103
LF:108
LH:103
BRDA:35,0,0,57
BRDA:35,0,1,49
BRDA:52,1,0,22
BRDA:52,1,1,43
BRDA:66,2,0,36
BRDA:66,2,1,3
BRDA:68,3,0,1
BRDA:68,3,1,35
BRDA:80,4,0,38
BRDA:80,4,1,35
BRDA:81,5,0,38
BRDA:81,5,1,36
BRDA:86,6,0,38
BRDA:86,6,1,3
BRDA:100,7,0,1
BRDA:100,7,1,28
BRDA:105,8,0,24
BRDA:105,8,1,4
BRDA:111,9,0,4
BRDA:111,9,1,4
BRDA:112,10,0,4
BRDA:112,10,1,4
BRDA:131,11,0,0
BRDA:131,11,1,8
BRDA:154,12,0,2
BRDA:154,12,1,14
BRDA:154,13,0,16
BRDA:154,13,1,14
BRDA:158,14,0,7
BRDA:158,14,1,7
BRDA:158,15,0,14
BRDA:158,15,1,7
BRDA:171,16,0,0
BRDA:171,16,1,2
BRDA:171,17,0,2
BRDA:171,17,1,2
BRDA:180,18,0,0
BRDA:180,18,1,3
BRDA:180,19,0,3
BRDA:180,19,1,3
BRDA:195,20,0,1
BRDA:195,20,1,3
BRDA:195,21,0,4
BRDA:195,21,1,4
BRDA:211,22,0,3
BRDA:211,22,1,12
BRDA:211,23,0,15
BRDA:211,23,1,12
BRDA:214,24,0,4
BRDA:214,24,1,8
BRDA:231,25,0,24
BRDA:231,25,1,4
BRDA:231,26,0,28
BRDA:231,26,1,28
BRDA:241,27,0,23
BRDA:241,27,1,5
BRDA:246,28,0,4
BRDA:246,28,1,4
BRDA:250,29,0,1
BRDA:250,29,1,4
BRDA:250,30,0,5
BRDA:250,30,1,1
BRDA:258,31,0,1
BRDA:258,31,1,3
BRDA:279,32,0,5
BRDA:279,32,1,19
BRDA:287,33,0,9
BRDA:287,33,1,3
BRF:68
BRH:65
end_of_record
TN:
SF:src/callkit/lazy.ts
FN:9,loadCallKit
FNF:1
FNH:1
FNDA:3,loadCallKit
DA:11,3
DA:12,3
LF:2
LH:2
BRF:0
BRH:0
end_of_record
TN:
SF:src/callkit/types.ts
FNF:0
FNH:0
LF:0
LH:0
BRF:0
BRH:0
end_of_record
TN:
SF:src/components/SignalWireVideoView.tsx
FN:34,SignalWireVideoView
FNF:1
FNH:1
FNDA:10,SignalWireVideoView
DA:42,10
DA:43,10
DA:44,10
DA:46,10
DA:47,2
DA:50,8
LF:6
LH:6
BRDA:37,0,0,9
BRDA:43,1,0,3
BRDA:43,1,1,7
BRDA:44,2,0,10
BRDA:44,2,1,2
BRDA:46,3,0,2
BRDA:46,3,1,8
BRDA:55,4,0,8
BRDA:55,4,1,7
BRF:9
BRH:9
end_of_record
TN:
SF:src/platform/assertPolyfills.ts
FN:5,hasRandomValues
FN:15,parsesCustomScheme
FN:25,assertPolyfillsInstalled
FNF:3
FNH:3
FNDA:13,hasRandomValues
FNDA:12,parsesCustomScheme
FNDA:13,assertPolyfillsInstalled
DA:3,6
DA:6,13
DA:7,13
DA:16,12
DA:17,12
DA:18,11
DA:20,1
DA:26,13
DA:27,3
LF:9
LH:9
BRDA:26,0,0,3
BRDA:26,0,1,10
BRDA:26,1,0,13
BRDA:26,1,1,12
BRF:4
BRH:4
end_of_record
TN:
SF:src/platform/baseGlobals.ts
FN:33,installEventTarget
FN:36,(anonymous_1)
FN:42,(anonymous_2)
FN:46,(anonymous_3)
FN:58,installBaseGlobals
FN:70,(anonymous_5)
FNF:6
FNH:5
FNDA:90,installEventTarget
FNDA:7,(anonymous_1)
FNDA:0,(anonymous_2)
FNDA:16,(anonymous_3)
FNDA:45,installBaseGlobals
FNDA:1,(anonymous_5)
DA:34,90
DA:36,90
DA:37,7
DA:38,7
DA:39,7
DA:42,90
DA:43,0
DA:46,90
DA:47,16
DA:48,1
DA:50,16
DA:59,45
DA:65,45
DA:71,1
DA:72,1
DA:75,2
DA:78,45
DA:79,45
DA:81,45
DA:82,45
LF:20
LH:19
BRDA:37,0,0,7
BRDA:37,0,1,4
BRDA:47,1,0,16
BRDA:47,1,1,15
BRDA:65,2,0,2
BRDA:65,2,1,43
BRF:6
BRH:6
end_of_record
TN:
SF:src/platform/createReactNativePlatform.ts
FN:30,installOptional
FN:48,createReactNativePlatform
FN:78,(anonymous_2)
FNF:3
FNH:3
FNDA:16,installOptional
FNDA:9,createReactNativePlatform
FNDA:10,(anonymous_2)
DA:31,16
DA:32,16
DA:34,1
DA:35,1
DA:51,9
DA:53,9
DA:54,9
DA:56,9
DA:57,8
DA:58,8
DA:59,7
DA:63,9
DA:64,8
DA:65,8
DA:66,8
DA:70,9
DA:72,9
DA:79,10
DA:80,1
DA:82,9
DA:83,9
DA:84,15
DA:85,15
DA:87,0
LF:24
LH:23
BRDA:49,0,0,6
BRDA:53,1,0,8
BRDA:53,2,0,8
BRDA:56,3,0,8
BRDA:56,3,1,1
BRDA:58,4,0,7
BRDA:58,4,1,1
BRDA:63,5,0,8
BRDA:63,5,1,1
BRDA:65,6,0,8
BRDA:65,6,1,0
BRDA:74,7,0,9
BRDA:74,7,1,8
BRDA:75,8,0,9
BRDA:75,8,1,8
BRDA:79,9,0,1
BRDA:79,9,1,9
BRF:17
BRH:16
end_of_record
TN:
SF:src/platform/networkShim.ts
FN:26,installNetworkShim
FN:51,(anonymous_1)
FN:58,(anonymous_2)
FN:63,(anonymous_3)
FN:76,(anonymous_4)
FN:87,(anonymous_5)
FNF:6
FNH:5
FNDA:8,installNetworkShim
FNDA:4,(anonymous_1)
FNDA:0,(anonymous_2)
FNDA:5,(anonymous_3)
FNDA:7,(anonymous_4)
FNDA:8,(anonymous_5)
DA:14,6
DA:27,8
DA:28,1
DA:31,7
DA:38,7
DA:40,7
DA:45,7
DA:47,7
DA:48,7
DA:49,7
DA:51,7
DA:52,4
DA:53,4
DA:54,4
DA:55,4
DA:58,7
DA:59,0
DA:60,0
DA:63,7
DA:64,5
DA:65,4
DA:66,4
DA:68,0
DA:73,7
DA:74,7
DA:76,7
DA:77,7
DA:78,7
DA:79,2
DA:81,5
DA:82,5
DA:83,5
DA:84,5
DA:87,7
DA:88,8
DA:89,8
DA:90,8
DA:91,8
DA:92,8
DA:95,7
LF:40
LH:37
BRDA:27,0,0,1
BRDA:27,0,1,7
BRDA:52,1,0,4
BRDA:52,1,1,4
BRDA:64,2,0,5
BRDA:64,2,1,1
BRDA:73,3,0,7
BRDA:73,3,1,1
BRDA:78,4,0,2
BRDA:78,4,1,5
BRDA:83,5,0,2
BRDA:83,5,1,3
BRDA:84,6,0,2
BRDA:84,6,1,3
BRF:14
BRH:14
end_of_record
TN:
SF:src/platform/peers.ts
FN:17,assertPeerModule
FNF:1
FNH:1
FNDA:72,assertPeerModule
DA:23,72
DA:24,3
DA:26,69
LF:3
LH:3
BRDA:23,0,0,3
BRDA:23,0,1,69
BRDA:23,1,0,72
BRDA:23,1,1,71
BRDA:23,1,2,70
BRF:5
BRH:5
end_of_record
TN:
SF:src/platform/storage.ts
FN:22,(anonymous_0)
FN:23,(anonymous_1)
FN:32,resetSessionPurgeForTesting
FN:36,purgeScope
FN:39,(anonymous_4)
FN:47,(anonymous_5)
FN:48,(anonymous_6)
FN:53,(anonymous_7)
FN:57,(anonymous_8)
FN:70,(anonymous_9)
FN:80,(anonymous_10)
FN:89,(anonymous_11)
FNF:12
FNH:11
FNDA:34,(anonymous_0)
FNDA:24,(anonymous_1)
FNDA:8,resetSessionPurgeForTesting
FNDA:10,purgeScope
FNDA:8,(anonymous_4)
FNDA:17,(anonymous_5)
FNDA:0,(anonymous_6)
FNDA:25,(anonymous_7)
FNDA:11,(anonymous_8)
FNDA:12,(anonymous_9)
FNDA:1,(anonymous_10)
FNDA:1,(anonymous_11)
DA:20,6
DA:22,34
DA:23,24
DA:29,6
DA:33,8
DA:37,10
DA:38,10
DA:39,10
DA:40,10
DA:41,2
DA:48,17
DA:49,0
DA:54,25
DA:58,11
DA:59,11
DA:60,11
DA:61,1
DA:62,1
DA:64,10
DA:66,1
DA:71,12
DA:72,12
DA:73,12
DA:75,1
DA:76,1
DA:81,1
DA:82,1
DA:83,1
DA:85,0
DA:90,1
DA:91,1
DA:92,1
DA:94,0
LF:33
LH:30
BRDA:40,0,0,2
BRDA:40,0,1,8
BRDA:57,1,0,0
BRDA:60,2,0,1
BRDA:60,2,1,10
BRDA:70,3,0,0
BRDA:80,4,0,0
BRDA:89,5,0,0
BRF:8
BRH:4
end_of_record
TN:
SF:src/platform/visibilityShim.ts
FN:17,(anonymous_0)
FN:30,installVisibilityShim
FN:43,(anonymous_2)
FN:50,(anonymous_3)
FN:58,(anonymous_4)
FN:75,(anonymous_5)
FNF:6
FNH:5
FNDA:13,(anonymous_0)
FNDA:8,installVisibilityShim
FNDA:2,(anonymous_2)
FNDA:0,(anonymous_3)
FNDA:6,(anonymous_4)
FNDA:8,(anonymous_5)
DA:15,6
DA:17,6
DA:18,13
DA:31,8
DA:32,1
DA:35,7
DA:37,7
DA:39,7
DA:40,7
DA:41,7
DA:43,7
DA:44,2
DA:45,2
DA:46,2
DA:47,2
DA:50,7
DA:51,0
DA:52,0
DA:55,7
DA:56,7
DA:58,7
DA:59,6
DA:60,6
DA:61,1
DA:63,5
DA:64,5
DA:65,5
DA:66,5
DA:67,2
DA:68,2
DA:70,0
DA:75,7
DA:76,8
DA:77,8
DA:78,8
DA:79,8
DA:80,8
DA:83,7
LF:38
LH:35
BRDA:18,0,0,8
BRDA:18,0,1,5
BRDA:31,1,0,1
BRDA:31,1,1,7
BRDA:44,2,0,2
BRDA:44,2,1,2
BRDA:55,3,0,7
BRDA:55,3,1,0
BRDA:60,4,0,1
BRDA:60,4,1,5
BRDA:66,5,0,5
BRDA:66,5,1,3
BRF:12
BRH:11
end_of_record
TN:
SF:src/platform/webrtc.ts
FN:13,warnOnceAboutDeviceEvents
FN:30,createWebRTCApiProvider
FN:39,(anonymous_2)
FN:41,(anonymous_3)
FN:43,(anonymous_4)
FN:44,(anonymous_5)
FNF:6
FNH:6
FNDA:2,warnOnceAboutDeviceEvents
FNDA:13,createWebRTCApiProvider
FNDA:1,(anonymous_2)
FNDA:1,(anonymous_3)
FNDA:1,(anonymous_4)
FNDA:1,(anonymous_5)
DA:11,6
DA:14,2
DA:15,1
DA:17,1
DA:18,1
DA:31,13
DA:38,13
DA:40,1
DA:42,1
DA:43,1
DA:44,1
DA:47,13
LF:12
LH:12
BRDA:14,0,0,1
BRDA:14,0,1,1
BRF:2
BRH:2
end_of_record
TN:
SF:src/plugin/withAndroidCallKit.ts
FN:24,(anonymous_0)
FNF:1
FNH:1
FNDA:12,(anonymous_0)
DA:7,1
DA:17,1
DA:24,1
DA:25,12
DA:29,12
DA:31,12
LF:6
LH:6
BRDA:25,0,0,11
BRDA:25,0,1,1
BRDA:29,1,0,12
BRDA:29,1,1,10
BRF:4
BRH:4
end_of_record
TN:
SF:src/plugin/withIosCallKit.ts
FN:12,(anonymous_0)
FN:13,(anonymous_1)
FNF:2
FNH:2
FNDA:12,(anonymous_0)
FNDA:12,(anonymous_1)
DA:12,1
DA:13,12
DA:14,12
DA:16,12
DA:17,12
DA:19,12
DA:20,12
DA:21,12
DA:22,11
DA:24,12
DA:26,12
LF:11
LH:11
BRDA:19,0,0,12
BRDA:19,0,1,10
BRDA:21,1,0,11
BRDA:21,1,1,1
BRF:4
BRH:4
end_of_record
TN:
SF:src/plugin/withSignalWire.ts
FN:31,(anonymous_0)
FNF:1
FNH:1
FNDA:12,(anonymous_0)
DA:17,1
DA:18,1
DA:31,1
DA:37,12
DA:39,12
DA:45,12
LF:6
LH:6
BRDA:33,0,0,11
BRDA:34,1,0,12
BRDA:35,2,0,10
BRDA:36,3,0,10
BRDA:37,4,0,12
BRDA:37,4,1,7
BRF:6
BRH:6
end_of_record
TN:
SF:src/react/SignalWireProvider.tsx
FN:39,SignalWireProvider
FN:49,(anonymous_1)
FN:63,(anonymous_2)
FN:68,(anonymous_3)
FN:85,(anonymous_4)
FNF:5
FNH:5
FNDA:25,SignalWireProvider
FNDA:12,(anonymous_1)
FNDA:1,(anonymous_2)
FNDA:12,(anonymous_3)
FNDA:25,(anonymous_4)
DA:17,4
DA:46,25
DA:47,25
DA:49,25
DA:50,12
DA:51,12
DA:56,12
DA:57,12
DA:59,12
DA:60,3
DA:63,12
DA:64,1
DA:65,1
DA:68,12
DA:69,12
DA:70,12
DA:71,12
DA:72,12
DA:74,0
DA:76,12
DA:84,25
DA:85,25
DA:89,25
LF:23
LH:22
BRDA:43,0,0,15
BRDA:59,1,0,3
BRDA:59,1,1,9
BRF:3
BRH:3
end_of_record
TN:
SF:src/react/useCall.ts
FN:33,useCall
FN:51,(anonymous_1)
FN:54,(anonymous_2)
FN:59,(anonymous_3)
FN:70,(anonymous_4)
FN:81,(anonymous_5)
FNF:6
FNH:5
FNDA:28,useCall
FNDA:2,(anonymous_1)
FNDA:0,(anonymous_2)
FNDA:2,(anonymous_3)
FNDA:1,(anonymous_4)
FNDA:1,(anonymous_5)
DA:13,2
DA:34,28
DA:35,28
DA:36,28
DA:37,28
DA:41,28
DA:45,28
DA:48,28
DA:49,28
DA:51,28
DA:53,28
DA:54,0
DA:58,28
DA:60,2
DA:61,2
DA:62,0
DA:64,2
DA:69,28
DA:71,1
DA:72,1
DA:73,0
DA:75,1
DA:80,28
DA:81,1
DA:85,28
LF:25
LH:22
BRDA:34,0,0,28
BRDA:34,0,1,3
BRDA:35,1,0,28
BRDA:35,1,1,3
BRDA:36,2,0,28
BRDA:36,2,1,12
BRDA:39,3,0,28
BRDA:39,3,1,25
BRDA:43,4,0,28
BRDA:43,4,1,23
BRDA:51,5,0,2
BRDA:51,5,1,1
BRDA:54,6,0,0
BRDA:54,6,1,0
BRDA:61,7,0,0
BRDA:61,7,1,2
BRDA:64,8,0,1
BRDA:64,8,1,1
BRDA:72,9,0,0
BRDA:72,9,1,1
BRDA:75,10,0,1
BRDA:75,10,1,0
BRDA:81,11,0,1
BRDA:81,11,1,0
BRDA:91,12,0,28
BRDA:91,12,1,13
BRDA:92,13,0,28
BRDA:92,13,1,12
BRF:28
BRH:22
end_of_record
TN:
SF:src/react/useDevices.ts
FN:29,useDevices
FN:50,(anonymous_1)
FN:55,(anonymous_2)
FN:60,(anonymous_3)
FNF:4
FNH:4
FNDA:11,useDevices
FNDA:2,(anonymous_1)
FNDA:1,(anonymous_2)
FNDA:2,(anonymous_3)
DA:6,1
DA:30,11
DA:32,11
DA:36,11
DA:40,11
DA:44,11
DA:49,11
DA:50,2
DA:54,11
DA:55,1
DA:59,11
DA:60,2
DA:64,11
LF:13
LH:13
BRDA:30,0,0,11
BRDA:30,0,1,1
BRDA:34,1,0,11
BRDA:34,1,1,1
BRDA:38,2,0,11
BRDA:38,2,1,1
BRDA:42,3,0,11
BRDA:42,3,1,11
BRDA:46,4,0,11
BRDA:46,4,1,11
BRDA:60,5,0,2
BRDA:60,5,1,1
BRF:12
BRH:12
end_of_record
TN:
SF:src/react/useIncomingCalls.ts
FN:23,useIncomingCalls
FN:27,(anonymous_1)
FN:31,(anonymous_2)
FNF:3
FNH:3
FNDA:8,useIncomingCalls
FNDA:2,(anonymous_1)
FNDA:2,(anonymous_2)
DA:9,1
DA:24,8
DA:25,8
DA:27,8
DA:28,2
DA:31,8
DA:32,2
DA:33,2
DA:35,1
DA:39,8
LF:10
LH:10
BRDA:25,0,0,8
BRDA:25,0,1,1
BRF:2
BRH:2
end_of_record
TN:
SF:src/react/useObservable.ts
FN:17,peek
FN:20,(anonymous_1)
FN:28,createStore
FN:35,(anonymous_3)
FN:37,(anonymous_4)
FN:39,(anonymous_5)
FN:46,(anonymous_6)
FN:48,(anonymous_7)
FN:62,useObservable
FN:65,(anonymous_9)
FNF:10
FNH:10
FNDA:242,peek
FNDA:229,(anonymous_1)
FNDA:340,createStore
FNDA:340,(anonymous_3)
FNDA:98,(anonymous_4)
FNDA:242,(anonymous_5)
FNDA:242,(anonymous_6)
FNDA:1170,(anonymous_7)
FNDA:403,useObservable
FNDA:340,(anonymous_9)
DA:18,242
DA:19,242
DA:20,242
DA:21,229
DA:22,229
DA:24,242
DA:25,242
DA:32,340
DA:34,340
DA:36,340
DA:37,98
DA:39,242
DA:40,242
DA:41,228
DA:43,14
DA:44,14
DA:46,242
DA:48,1170
DA:63,403
DA:65,403
DA:67,403
LF:21
LH:21
BRDA:25,0,0,229
BRDA:25,0,1,13
BRDA:32,1,0,242
BRDA:32,1,1,98
BRDA:36,2,0,98
BRDA:36,2,1,242
BRDA:40,3,0,228
BRDA:40,3,1,14
BRF:8
BRH:8
end_of_record
TN:
SF:src/react/useSignalWire.ts
FN:21,useSignalWireContext
FN:33,useSignalWire
FN:42,(anonymous_2)
FN:55,(anonymous_3)
FNF:4
FNH:3
FNDA:29,useSignalWireContext
FNDA:29,useSignalWire
FNDA:5,(anonymous_2)
FNDA:0,(anonymous_3)
DA:22,29
DA:23,28
DA:24,1
DA:29,27
DA:34,29
DA:36,27
DA:37,27
DA:38,27
DA:39,27
DA:41,27
DA:43,5
DA:44,1
DA:46,4
DA:47,4
DA:48,2
DA:50,4
DA:55,27
DA:56,0
DA:57,0
DA:59,0
DA:62,27
LF:21
LH:18
BRDA:23,0,0,1
BRDA:23,0,1,27
BRDA:36,1,0,27
BRDA:36,1,1,27
BRDA:37,2,0,27
BRDA:37,2,1,27
BRDA:43,3,0,1
BRDA:43,3,1,4
BRDA:47,4,0,2
BRDA:47,4,1,2
BRDA:56,5,0,0
BRDA:56,5,1,0
BRF:12
BRH:10
end_of_record
